#     placed in the first 32GB address space. The Java Heap base address is the
#     maximum limit for the native heap growth. Please use -XX:HeapBaseMinAddress
#     to set the Java Heap base and to place the Java Heap above 32GB virtual address.
# This output file may be truncated or incomplete.
#
#  Out of Memory Error (arena.cpp:79), pid=24856, tid=10384
#
# JRE version: OpenJDK Runtime Environment (16.0.2+7) (build 16.0.2+7-67)
# Java VM: OpenJDK 64-Bit Server VM (16.0.2+7-67, mixed mode, tiered, compressed oops, compressed class ptrs, g1 gc, windows-amd64)
# No core dump will be written. Minidumps are not enabled by default on client versions of Windows
#

---------------  S U M M A R Y ------------

Command Line: -Dfile.encoding=Cp1252 -XX:+ShowCodeDetailsInExceptionMessages controller.Control

Host: Intel(R) Core(TM) i7-10750H CPU @ 2.60GHz, 12 cores, 15G,  Windows 10 , 64 bit Build 19041 (10.0.19041.1706)
Time: Sat May 28 15:21:50 2022 Egypt Standard Time elapsed time: 53015.902385 seconds (0d 14h 43m 35s)

---------------  T H R E A D  ---------------

Current thread (0x00000285ea8624f0):  JavaThread "C2 CompilerThread0" daemon [_thread_in_native, id=10384, stack(0x000000cbb1e00000,0x000000cbb1f00000)]


Current CompileTask:
C2:53015902 2361       4       java.util.HashMap$HashIterator::nextNode (100 bytes)

Stack: [0x000000cbb1e00000,0x000000cbb1f00000]
Native frames: (J=compiled Java code, j=interpreted, Vv=VM code, C=native code)
V  [jvm.dll+0x6681ca]
V  [jvm.dll+0x7c9e69]
V  [jvm.dll+0x7cb61e]
V  [jvm.dll+0x7cbc73]
V  [jvm.dll+0x242c55]
V  [jvm.dll+0xae10f]
V  [jvm.dll+0xae45c]
V  [jvm.dll+0xadfcb]
V  [jvm.dll+0x648688]
V  [jvm.dll+0x3571ee]
V  [jvm.dll+0x357c40]
V  [jvm.dll+0x2c8f73]
V  [jvm.dll+0x62f171]
V  [jvm.dll+0x10f6dc]
V  [jvm.dll+0x334b96]
V  [jvm.dll+0x6843c6]
V  [jvm.dll+0x683706]
V  [jvm.dll+0x67eab0]
V  [jvm.dll+0x67886b]
V  [jvm.dll+0x677e97]
V  [jvm.dll+0x675d6a]
V  [jvm.dll+0x1a4d4c]
V  [jvm.dll+0x214d15]
V  [jvm.dll+0x1a1beb]
V  [jvm.dll+0x225158]
V  [jvm.dll+0x22319c]
V  [jvm.dll+0x77fa62]
V  [jvm.dll+0x7795aa]
V  [jvm.dll+0x667066]
C  [ucrtbase.dll+0x21bb2]
C  [KERNEL32.DLL+0x17034]
C  [ntdll.dll+0x52651]


---------------  P R O C E S S  ---------------

Threads class SMR info:
_java_thread_list=0x00000285eaebd010, length=16, elements={
0x00000285ea8157a0, 0x00000285ea8163a0, 0x00000285ea859590, 0x00000285ea859ea0,
0x00000285ea85b8b0, 0x00000285ea85c2b0, 0x00000285ea8624f0, 0x00000285ea86b550,
0x00000285ea87e370, 0x00000285ea9df640, 0x00000285ea9f3020, 0x00000285eae24f30,
0x00000285eae25450, 0x00000285eae3fad0, 0x00000285eaf51010, 0x00000285cafa8720
}

Java Threads: ( => current thread )
  0x00000285ea8157a0 JavaThread "Reference Handler" daemon [_thread_blocked, id=24472, stack(0x000000cbb1800000,0x000000cbb1900000)]
  0x00000285ea8163a0 JavaThread "Finalizer" daemon [_thread_blocked, id=19784, stack(0x000000cbb1900000,0x000000cbb1a00000)]
  0x00000285ea859590 JavaThread "Signal Dispatcher" daemon [_thread_blocked, id=7420, stack(0x000000cbb1a00000,0x000000cbb1b00000)]
  0x00000285ea859ea0 JavaThread "Attach Listener" daemon [_thread_blocked, id=23012, stack(0x000000cbb1b00000,0x000000cbb1c00000)]
  0x00000285ea85b8b0 JavaThread "Service Thread" daemon [_thread_blocked, id=15532, stack(0x000000cbb1c00000,0x000000cbb1d00000)]
  0x00000285ea85c2b0 JavaThread "Monitor Deflation Thread" daemon [_thread_blocked, id=17496, stack(0x000000cbb1d00000,0x000000cbb1e00000)]
=>0x00000285ea8624f0 JavaThread "C2 CompilerThread0" daemon [_thread_in_native, id=10384, stack(0x000000cbb1e00000,0x000000cbb1f00000)]
  0x00000285ea86b550 JavaThread "C1 CompilerThread0" daemon [_thread_blocked, id=15860, stack(0x000000cbb1f00000,0x000000cbb2000000)]
  0x00000285ea87e370 JavaThread "Sweeper thread" daemon [_thread_blocked, id=7812, stack(0x000000cbb2000000,0x000000cbb2100000)]
  0x00000285ea9df640 JavaThread "Notification Thread" daemon [_thread_blocked, id=31676, stack(0x000000cbb2100000,0x000000cbb2200000)]
  0x00000285ea9f3020 JavaThread "Common-Cleaner" daemon [_thread_blocked, id=13848, stack(0x000000cbb2300000,0x000000cbb2400000)]
  0x00000285eae24f30 JavaThread "Java2D Disposer" daemon [_thread_blocked, id=10176, stack(0x000000cbb2400000,0x000000cbb2500000)]
  0x00000285eae25450 JavaThread "AWT-Shutdown" [_thread_blocked, id=19248, stack(0x000000cbb2500000,0x000000cbb2600000)]
  0x00000285eae3fad0 JavaThread "AWT-Windows" daemon [_thread_in_native, id=19728, stack(0x000000cbb2600000,0x000000cbb2700000)]
  0x00000285eaf51010 JavaThread "AWT-EventQueue-0" [_thread_blocked, id=6996, stack(0x000000cbb2800000,0x000000cbb2900000)]
  0x00000285cafa8720 JavaThread "DestroyJavaVM" [_thread_blocked, id=13100, stack(0x000000cbb1100000,0x000000cbb1200000)]

Other Threads:
  0x00000285ea814020 VMThread "VM Thread" [stack: 0x000000cbb1700000,0x000000cbb1800000] [id=3312]
  0x00000285ea9dfb60 WatcherThread [stack: 0x000000cbb2200000,0x000000cbb2300000] [id=21204]
  0x00000285caff8430 GCTaskThread "GC Thread#0" [stack: 0x000000cbb1200000,0x000000cbb1300000] [id=15524]
  0x00000285eb02b790 GCTaskThread "GC Thread#1" [stack: 0x000000cbb2c00000,0x000000cbb2d00000] [id=16708]
  0x00000285eb199840 GCTaskThread "GC Thread#2" [stack: 0x000000cbb2d00000,0x000000cbb2e00000] [id=12624]
  0x00000285eb199b50 GCTaskThread "GC Thread#3" [stack: 0x000000cbb2e00000,0x000000cbb2f00000] [id=26864]
  0x00000285eb199e60 GCTaskThread "GC Thread#4" [stack: 0x000000cbb2f00000,0x000000cbb3000000] [id=13740]
  0x00000285eb19a580 GCTaskThread "GC Thread#5" [stack: 0x000000cbb3000000,0x000000cbb3100000] [id=23812]
  0x00000285eb1ab630 GCTaskThread "GC Thread#6" [stack: 0x000000cbb3100000,0x000000cbb3200000] [id=29332]
  0x00000285edd38c30 GCTaskThread "GC Thread#7" [stack: 0x000000cbb3300000,0x000000cbb3400000] [id=30284]
  0x00000285ee57b020 GCTaskThread "GC Thread#8" [stack: 0x000000cbb3200000,0x000000cbb3300000] [id=21072]
  0x00000285cb009b10 ConcurrentGCThread "G1 Main Marker" [stack: 0x000000cbb1300000,0x000000cbb1400000] [id=28420]
  0x00000285cb00b610 ConcurrentGCThread "G1 Conc#0" [stack: 0x000000cbb1400000,0x000000cbb1500000] [id=5264]
  0x00000285e9c524c0 ConcurrentGCThread "G1 Refine#0" [stack: 0x000000cbb1500000,0x000000cbb1600000] [id=6548]
  0x00000285e9c52fc0 ConcurrentGCThread "G1 Service" [stack: 0x000000cbb1600000,0x000000cbb1700000] [id=23376]

Threads with active compile tasks:
C2 CompilerThread0  53015954 2361       4       java.util.HashMap$HashIterator::nextNode (100 bytes)

VM state: not at safepoint (normal execution)

VM Mutex/Monitor currently owned by a thread: None

Heap address: 0x0000000702000000, size: 4064 MB, Compressed Oops mode: Zero based, Oop shift amount: 3

CDS disabled.
Compressed class space mapped at: 0x0000000800000000-0x0000000840000000, reserved size: 1073741824
Narrow klass base: 0x0000000800000000, Narrow klass shift: 0, Narrow klass range: 0x40000000

GC Precious Log:
 CPUs: 12 total, 12 available
 Memory: 16251M
 Large Page Support: Disabled
 NUMA Support: Disabled
 Compressed Oops: Enabled (Zero based)
 Heap Region Size: 2M
 Heap Min Capacity: 8M
 Heap Initial Capacity: 254M
 Heap Max Capacity: 4064M
 Pre-touch: Disabled
 Parallel Workers: 10
 Concurrent Workers: 3
 Concurrent Refinement Workers: 10
 Periodic GC: Disabled

Heap:
 garbage-first heap   total 260096K, used 67003K [0x0000000702000000, 0x0000000800000000)
  region size 2048K, 21 young (43008K), 2 survivors (4096K)
 Metaspace       used 16085K, committed 16320K, reserved 1064960K
  class space    used 1524K, committed 1664K, reserved 1048576K

Heap Regions: E=young(eden), S=young(survivor), O=old, HS=humongous(starts), HC=humongous(continues), CS=collection set, F=free, OA=open archive, CA=closed archive, TAMS=top-at-mark-start (previous, next)
|   0|0x0000000702000000, 0x0000000702200000, 0x0000000702200000|100%|HS|  |TAMS 0x0000000702000000, 0x0000000702000000| Complete 
|   1|0x0000000702200000, 0x0000000702400000, 0x0000000702400000|100%|HC|  |TAMS 0x0000000702200000, 0x0000000702200000| Complete 
|   2|0x0000000702400000, 0x0000000702600000, 0x0000000702600000|100%|HS|  |TAMS 0x0000000702400000, 0x0000000702400000| Complete 
|   3|0x0000000702600000, 0x0000000702800000, 0x0000000702800000|100%|HC|  |TAMS 0x0000000702600000, 0x0000000702600000| Complete 
|   4|0x0000000702800000, 0x0000000702a00000, 0x0000000702a00000|100%|HC|  |TAMS 0x0000000702800000, 0x0000000702800000| Complete 
|   5|0x0000000702a00000, 0x0000000702c00000, 0x0000000702c00000|100%|HS|  |TAMS 0x0000000702a00000, 0x0000000702a00000| Complete 
|   6|0x0000000702c00000, 0x0000000702e00000, 0x0000000702e00000|100%|HS|  |TAMS 0x0000000702c00000, 0x0000000702c00000| Complete 
|   7|0x0000000702e00000, 0x0000000703000000, 0x0000000703000000|100%|HS|  |TAMS 0x0000000702e00000, 0x0000000702e00000| Complete 
|   8|0x0000000703000000, 0x0000000703200000, 0x0000000703200000|100%|HC|  |TAMS 0x0000000703000000, 0x0000000703000000| Complete 
|   9|0x0000000703200000, 0x0000000703400000, 0x0000000703400000|100%| O|  |TAMS 0x0000000703200000, 0x0000000703200000| Untracked 
|  10|0x0000000703400000, 0x0000000703600000, 0x0000000703600000|100%| O|  |TAMS 0x0000000703400000, 0x0000000703400000| Untracked 
|  11|0x0000000703600000, 0x000000070360aa00, 0x0000000703800000|  2%| O|  |TAMS 0x0000000703600000, 0x0000000703600000| Untracked 
|  12|0x0000000703800000, 0x0000000703a00000, 0x0000000703a00000|100%|HS|  |TAMS 0x0000000703800000, 0x0000000703800000| Complete 
|  13|0x0000000703a00000, 0x0000000703c00000, 0x0000000703c00000|100%|HC|  |TAMS 0x0000000703a00000, 0x0000000703a00000| Complete 
|  14|0x0000000703c00000, 0x0000000703e00000, 0x0000000703e00000|100%|HC|  |TAMS 0x0000000703c00000, 0x0000000703c00000| Complete 
|  15|0x0000000703e00000, 0x0000000703e00000, 0x0000000704000000|  0%| F|  |TAMS 0x0000000703e00000, 0x0000000703e00000| Untracked 
|  16|0x0000000704000000, 0x0000000704000000, 0x0000000704200000|  0%| F|  |TAMS 0x0000000704000000, 0x0000000704000000| Untracked 
|  17|0x0000000704200000, 0x0000000704200000, 0x0000000704400000|  0%| F|  |TAMS 0x0000000704200000, 0x0000000704200000| Untracked 
|  18|0x0000000704400000, 0x0000000704400000, 0x0000000704600000|  0%| F|  |TAMS 0x0000000704400000, 0x0000000704400000| Untracked 
|  19|0x0000000704600000, 0x0000000704600000, 0x0000000704800000|  0%| F|  |TAMS 0x0000000704600000, 0x0000000704600000| Untracked 
|  20|0x0000000704800000, 0x0000000704800000, 0x0000000704a00000|  0%| F|  |TAMS 0x0000000704800000, 0x0000000704800000| Untracked 
|  21|0x0000000704a00000, 0x0000000704a00000, 0x0000000704c00000|  0%| F|  |TAMS 0x0000000704a00000, 0x0000000704a00000| Untracked 
|  22|0x0000000704c00000, 0x0000000704c00000, 0x0000000704e00000|  0%| F|  |TAMS 0x0000000704c00000, 0x0000000704c00000| Untracked 
|  23|0x0000000704e00000, 0x0000000704e00000, 0x0000000705000000|  0%| F|  |TAMS 0x0000000704e00000, 0x0000000704e00000| Untracked 
|  24|0x0000000705000000, 0x0000000705000000, 0x0000000705200000|  0%| F|  |TAMS 0x0000000705000000, 0x0000000705000000| Untracked 
|  25|0x0000000705200000, 0x0000000705200000, 0x0000000705400000|  0%| F|  |TAMS 0x0000000705200000, 0x0000000705200000| Untracked 
|  26|0x0000000705400000, 0x0000000705400000, 0x0000000705600000|  0%| F|  |TAMS 0x0000000705400000, 0x0000000705400000| Untracked 
|  27|0x0000000705600000, 0x0000000705600000, 0x0000000705800000|  0%| F|  |TAMS 0x0000000705600000, 0x0000000705600000| Untracked 
|  28|0x0000000705800000, 0x0000000705800000, 0x0000000705a00000|  0%| F|  |TAMS 0x0000000705800000, 0x0000000705800000| Untracked 
|  29|0x0000000705a00000, 0x0000000705a00000, 0x0000000705c00000|  0%| F|  |TAMS 0x0000000705a00000, 0x0000000705a00000| Untracked 
|  30|0x0000000705c00000, 0x0000000705c00000, 0x0000000705e00000|  0%| F|  |TAMS 0x0000000705c00000, 0x0000000705c00000| Untracked 
|  31|0x0000000705e00000, 0x0000000705e00000, 0x0000000706000000|  0%| F|  |TAMS 0x0000000705e00000, 0x0000000705e00000| Untracked 
|  32|0x0000000706000000, 0x0000000706000000, 0x0000000706200000|  0%| F|  |TAMS 0x0000000706000000, 0x0000000706000000| Untracked 
|  33|0x0000000706200000, 0x0000000706200000, 0x0000000706400000|  0%| F|  |TAMS 0x0000000706200000, 0x0000000706200000| Untracked 
|  34|0x0000000706400000, 0x0000000706400000, 0x0000000706600000|  0%| F|  |TAMS 0x0000000706400000, 0x0000000706400000| Untracked 
|  35|0x0000000706600000, 0x0000000706600000, 0x0000000706800000|  0%| F|  |TAMS 0x0000000706600000, 0x0000000706600000| Untracked 
|  36|0x0000000706800000, 0x0000000706800000, 0x0000000706a00000|  0%| F|  |TAMS 0x0000000706800000, 0x0000000706800000| Untracked 
|  37|0x0000000706a00000, 0x0000000706a00000, 0x0000000706c00000|  0%| F|  |TAMS 0x0000000706a00000, 0x0000000706a00000| Untracked 
|  38|0x0000000706c00000, 0x0000000706c00000, 0x0000000706e00000|  0%| F|  |TAMS 0x0000000706c00000, 0x0000000706c00000| Untracked 
|  39|0x0000000706e00000, 0x0000000706e00000, 0x0000000707000000|  0%| F|  |TAMS 0x0000000706e00000, 0x0000000706e00000| Untracked 
|  40|0x0000000707000000, 0x0000000707000000, 0x0000000707200000|  0%| F|  |TAMS 0x0000000707000000, 0x0000000707000000| Untracked 
|  41|0x0000000707200000, 0x0000000707200000, 0x0000000707400000|  0%| F|  |TAMS 0x0000000707200000, 0x0000000707200000| Untracked 
|  42|0x0000000707400000, 0x0000000707400000, 0x0000000707600000|  0%| F|  |TAMS 0x0000000707400000, 0x0000000707400000| Untracked 
|  43|0x0000000707600000, 0x0000000707600000, 0x0000000707800000|  0%| F|  |TAMS 0x0000000707600000, 0x0000000707600000| Untracked 
|  44|0x0000000707800000, 0x0000000707800000, 0x0000000707a00000|  0%| F|  |TAMS 0x0000000707800000, 0x0000000707800000| Untracked 
|  45|0x0000000707a00000, 0x0000000707a00000, 0x0000000707c00000|  0%| F|  |TAMS 0x0000000707a00000, 0x0000000707a00000| Untracked 
|  46|0x0000000707c00000, 0x0000000707c00000, 0x0000000707e00000|  0%| F|  |TAMS 0x0000000707c00000, 0x0000000707c00000| Untracked 
|  47|0x0000000707e00000, 0x0000000707e00000, 0x0000000708000000|  0%| F|  |TAMS 0x0000000707e00000, 0x0000000707e00000| Untracked 
|  48|0x0000000708000000, 0x0000000708000000, 0x0000000708200000|  0%| F|  |TAMS 0x0000000708000000, 0x0000000708000000| Untracked 
|  49|0x0000000708200000, 0x0000000708200000, 0x0000000708400000|  0%| F|  |TAMS 0x0000000708200000, 0x0000000708200000| Untracked 
|  50|0x0000000708400000, 0x0000000708400000, 0x0000000708600000|  0%| F|  |TAMS 0x0000000708400000, 0x0000000708400000| Untracked 
|  51|0x0000000708600000, 0x0000000708600000, 0x0000000708800000|  0%| F|  |TAMS 0x0000000708600000, 0x0000000708600000| Untracked 
|  52|0x0000000708800000, 0x0000000708800000, 0x0000000708a00000|  0%| F|  |TAMS 0x0000000708800000, 0x0000000708800000| Untracked 
|  53|0x0000000708a00000, 0x0000000708a00000, 0x0000000708c00000|  0%| F|  |TAMS 0x0000000708a00000, 0x0000000708a00000| Untracked 
|  54|0x0000000708c00000, 0x0000000708c00000, 0x0000000708e00000|  0%| F|  |TAMS 0x0000000708c00000, 0x0000000708c00000| Untracked 
|  55|0x0000000708e00000, 0x0000000708e00000, 0x0000000709000000|  0%| F|  |TAMS 0x0000000708e00000, 0x0000000708e00000| Untracked 
|  56|0x0000000709000000, 0x0000000709000000, 0x0000000709200000|  0%| F|  |TAMS 0x0000000709000000, 0x0000000709000000| Untracked 
|  57|0x0000000709200000, 0x0000000709200000, 0x0000000709400000|  0%| F|  |TAMS 0x0000000709200000, 0x0000000709200000| Untracked 
|  58|0x0000000709400000, 0x0000000709400000, 0x0000000709600000|  0%| F|  |TAMS 0x0000000709400000, 0x0000000709400000| Untracked 
|  59|0x0000000709600000, 0x0000000709600000, 0x0000000709800000|  0%| F|  |TAMS 0x0000000709600000, 0x0000000709600000| Untracked 
|  60|0x0000000709800000, 0x0000000709800000, 0x0000000709a00000|  0%| F|  |TAMS 0x0000000709800000, 0x0000000709800000| Untracked 
|  61|0x0000000709a00000, 0x0000000709a00000, 0x0000000709c00000|  0%| F|  |TAMS 0x0000000709a00000, 0x0000000709a00000| Untracked 
|  62|0x0000000709c00000, 0x0000000709c00000, 0x0000000709e00000|  0%| F|  |TAMS 0x0000000709c00000, 0x0000000709c00000| Untracked 
|  63|0x0000000709e00000, 0x0000000709e00000, 0x000000070a000000|  0%| F|  |TAMS 0x0000000709e00000, 0x0000000709e00000| Untracked 
|  64|0x000000070a000000, 0x000000070a000000, 0x000000070a200000|  0%| F|  |TAMS 0x000000070a000000, 0x000000070a000000| Untracked 
|  65|0x000000070a200000, 0x000000070a200000, 0x000000070a400000|  0%| F|  |TAMS 0x000000070a200000, 0x000000070a200000| Untracked 
|  66|0x000000070a400000, 0x000000070a400000, 0x000000070a600000|  0%| F|  |TAMS 0x000000070a400000, 0x000000070a400000| Untracked 
|  67|0x000000070a600000, 0x000000070a600000, 0x000000070a800000|  0%| F|  |TAMS 0x000000070a600000, 0x000000070a600000| Untracked 
|  68|0x000000070a800000, 0x000000070a800000, 0x000000070aa00000|  0%| F|  |TAMS 0x000000070a800000, 0x000000070a800000| Untracked 
|  69|0x000000070aa00000, 0x000000070aa00000, 0x000000070ac00000|  0%| F|  |TAMS 0x000000070aa00000, 0x000000070aa00000| Untracked 
|  70|0x000000070ac00000, 0x000000070ac00000, 0x000000070ae00000|  0%| F|  |TAMS 0x000000070ac00000, 0x000000070ac00000| Untracked 
|  71|0x000000070ae00000, 0x000000070ae00000, 0x000000070b000000|  0%| F|  |TAMS 0x000000070ae00000, 0x000000070ae00000| Untracked 
|  72|0x000000070b000000, 0x000000070b000000, 0x000000070b200000|  0%| F|  |TAMS 0x000000070b000000, 0x000000070b000000| Untracked 
|  73|0x000000070b200000, 0x000000070b200000, 0x000000070b400000|  0%| F|  |TAMS 0x000000070b200000, 0x000000070b200000| Untracked 
|  74|0x000000070b400000, 0x000000070b400000, 0x000000070b600000|  0%| F|  |TAMS 0x000000070b400000, 0x000000070b400000| Untracked 
|  75|0x000000070b600000, 0x000000070b600000, 0x000000070b800000|  0%| F|  |TAMS 0x000000070b600000, 0x000000070b600000| Untracked 
|  76|0x000000070b800000, 0x000000070b800000, 0x000000070ba00000|  0%| F|  |TAMS 0x000000070b800000, 0x000000070b800000| Untracked 
|  77|0x000000070ba00000, 0x000000070ba00000, 0x000000070bc00000|  0%| F|  |TAMS 0x000000070ba00000, 0x000000070ba00000| Untracked 
|  78|0x000000070bc00000, 0x000000070bc00000, 0x000000070be00000|  0%| F|  |TAMS 0x000000070bc00000, 0x000000070bc00000| Untracked 
|  79|0x000000070be00000, 0x000000070be00000, 0x000000070c000000|  0%| F|  |TAMS 0x000000070be00000, 0x000000070be00000| Untracked 
|  80|0x000000070c000000, 0x000000070c000000, 0x000000070c200000|  0%| F|  |TAMS 0x000000070c000000, 0x000000070c000000| Untracked 
|  81|0x000000070c200000, 0x000000070c200000, 0x000000070c400000|  0%| F|  |TAMS 0x000000070c200000, 0x000000070c200000| Untracked 
|  82|0x000000070c400000, 0x000000070c400000, 0x000000070c600000|  0%| F|  |TAMS 0x000000070c400000, 0x000000070c400000| Untracked 
|  83|0x000000070c600000, 0x000000070c600000, 0x000000070c800000|  0%| F|  |TAMS 0x000000070c600000, 0x000000070c600000| Untracked 
|  84|0x000000070c800000, 0x000000070c800000, 0x000000070ca00000|  0%| F|  |TAMS 0x000000070c800000, 0x000000070c800000| Untracked 
|  85|0x000000070ca00000, 0x000000070ca00000, 0x000000070cc00000|  0%| F|  |TAMS 0x000000070ca00000, 0x000000070ca00000| Untracked 
|  86|0x000000070cc00000, 0x000000070cc00000, 0x000000070ce00000|  0%| F|  |TAMS 0x000000070cc00000, 0x000000070cc00000| Untracked 
|  87|0x000000070ce00000, 0x000000070ce00000, 0x000000070d000000|  0%| F|  |TAMS 0x000000070ce00000, 0x000000070ce00000| Untracked 
|  88|0x000000070d000000, 0x000000070d000000, 0x000000070d200000|  0%| F|  |TAMS 0x000000070d000000, 0x000000070d000000| Untracked 
|  89|0x000000070d200000, 0x000000070d200000, 0x000000070d400000|  0%| F|  |TAMS 0x000000070d200000, 0x000000070d200000| Untracked 
|  90|0x000000070d400000, 0x000000070d564330, 0x000000070d600000| 69%| S|CS|TAMS 0x000000070d400000, 0x000000070d400000| Complete 
|  91|0x000000070d600000, 0x000000070d800000, 0x000000070d800000|100%| S|CS|TAMS 0x000000070d600000, 0x000000070d600000| Complete 
|  92|0x000000070d800000, 0x000000070d800000, 0x000000070da00000|  0%| F|  |TAMS 0x000000070d800000, 0x000000070d800000| Untracked 
|  93|0x000000070da00000, 0x000000070da00000, 0x000000070dc00000|  0%| F|  |TAMS 0x000000070da00000, 0x000000070da00000| Untracked 
|  94|0x000000070dc00000, 0x000000070dc00000, 0x000000070de00000|  0%| F|  |TAMS 0x000000070dc00000, 0x000000070dc00000| Untracked 
|  95|0x000000070de00000, 0x000000070de00000, 0x000000070e000000|  0%| F|  |TAMS 0x000000070de00000, 0x000000070de00000| Untracked 
|  96|0x000000070e000000, 0x000000070e000000, 0x000000070e200000|  0%| F|  |TAMS 0x000000070e000000, 0x000000070e000000| Untracked 
|  97|0x000000070e200000, 0x000000070e200000, 0x000000070e400000|  0%| F|  |TAMS 0x000000070e200000, 0x000000070e200000| Untracked 
|  98|0x000000070e400000, 0x000000070e400000, 0x000000070e600000|  0%| F|  |TAMS 0x000000070e400000, 0x000000070e400000| Untracked 
|  99|0x000000070e600000, 0x000000070e600000, 0x000000070e800000|  0%| F|  |TAMS 0x000000070e600000, 0x000000070e600000| Untracked 
| 100|0x000000070e800000, 0x000000070e800000, 0x000000070ea00000|  0%| F|  |TAMS 0x000000070e800000, 0x000000070e800000| Untracked 
| 101|0x000000070ea00000, 0x000000070ea00000, 0x000000070ec00000|  0%| F|  |TAMS 0x000000070ea00000, 0x000000070ea00000| Untracked 
| 102|0x000000070ec00000, 0x000000070ec00000, 0x000000070ee00000|  0%| F|  |TAMS 0x000000070ec00000, 0x000000070ec00000| Untracked 
| 103|0x000000070ee00000, 0x000000070ee00000, 0x000000070f000000|  0%| F|  |TAMS 0x000000070ee00000, 0x000000070ee00000| Untracked 
| 104|0x000000070f000000, 0x000000070f000000, 0x000000070f200000|  0%| F|  |TAMS 0x000000070f000000, 0x000000070f000000| Untracked 
| 105|0x000000070f200000, 0x000000070f200000, 0x000000070f400000|  0%| F|  |TAMS 0x000000070f200000, 0x000000070f200000| Untracked 
| 106|0x000000070f400000, 0x000000070f400000, 0x000000070f600000|  0%| F|  |TAMS 0x000000070f400000, 0x000000070f400000| Untracked 
| 107|0x000000070f600000, 0x000000070f600000, 0x000000070f800000|  0%| F|  |TAMS 0x000000070f600000, 0x000000070f600000| Untracked 
| 108|0x000000070f800000, 0x000000070f900800, 0x000000070fa00000| 50%| E|  |TAMS 0x000000070f800000, 0x000000070f800000| Complete 
| 109|0x000000070fa00000, 0x000000070fc00000, 0x000000070fc00000|100%| E|CS|TAMS 0x000000070fa00000, 0x000000070fa00000| Complete 
| 110|0x000000070fc00000, 0x000000070fe00000, 0x000000070fe00000|100%| E|CS|TAMS 0x000000070fc00000, 0x000000070fc00000| Complete 
| 111|0x000000070fe00000, 0x0000000710000000, 0x0000000710000000|100%| E|CS|TAMS 0x000000070fe00000, 0x000000070fe00000| Complete 
| 112|0x0000000710000000, 0x0000000710200000, 0x0000000710200000|100%| E|CS|TAMS 0x0000000710000000, 0x0000000710000000| Complete 
| 113|0x0000000710200000, 0x0000000710400000, 0x0000000710400000|100%| E|CS|TAMS 0x0000000710200000, 0x0000000710200000| Complete 
| 114|0x0000000710400000, 0x0000000710600000, 0x0000000710600000|100%| E|CS|TAMS 0x0000000710400000, 0x0000000710400000| Complete 
| 115|0x0000000710600000, 0x0000000710800000, 0x0000000710800000|100%| E|CS|TAMS 0x0000000710600000, 0x0000000710600000| Complete 
| 116|0x0000000710800000, 0x0000000710a00000, 0x0000000710a00000|100%| E|CS|TAMS 0x0000000710800000, 0x0000000710800000| Complete 
| 117|0x0000000710a00000, 0x0000000710c00000, 0x0000000710c00000|100%| E|CS|TAMS 0x0000000710a00000, 0x0000000710a00000| Complete 
| 118|0x0000000710c00000, 0x0000000710e00000, 0x0000000710e00000|100%| E|CS|TAMS 0x0000000710c00000, 0x0000000710c00000| Complete 
| 119|0x0000000710e00000, 0x0000000711000000, 0x0000000711000000|100%| E|CS|TAMS 0x0000000710e00000, 0x0000000710e00000| Complete 
| 120|0x0000000711000000, 0x0000000711200000, 0x0000000711200000|100%| E|CS|TAMS 0x0000000711000000, 0x0000000711000000| Complete 
| 121|0x0000000711200000, 0x0000000711400000, 0x0000000711400000|100%| E|CS|TAMS 0x0000000711200000, 0x0000000711200000| Complete 
| 122|0x0000000711400000, 0x0000000711600000, 0x0000000711600000|100%| E|CS|TAMS 0x0000000711400000, 0x0000000711400000| Complete 
| 123|0x0000000711600000, 0x0000000711800000, 0x0000000711800000|100%| E|CS|TAMS 0x0000000711600000, 0x0000000711600000| Complete 
| 124|0x0000000711800000, 0x0000000711a00000, 0x0000000711a00000|100%| E|CS|TAMS 0x0000000711800000, 0x0000000711800000| Complete 
| 125|0x0000000711a00000, 0x0000000711c00000, 0x0000000711c00000|100%| E|CS|TAMS 0x0000000711a00000, 0x0000000711a00000| Complete 
| 126|0x0000000711c00000, 0x0000000711e00000, 0x0000000711e00000|100%| E|  |TAMS 0x0000000711c00000, 0x0000000711c00000| Complete 

Card table byte_map: [0x00000285de270000,0x00000285dea60000] _byte_map_base: 0x00000285daa60000

Marking Bits (Prev, Next): (CMBitMap*) 0x00000285caff8b20, (CMBitMap*) 0x00000285caff8b60
 Prev Bits: [0x00000285df250000, 0x00000285e31d0000)
 Next Bits: [0x00000285e31d0000, 0x00000285e7150000)

Polling page: 0x00000285c8fb0000

Metaspace:

Usage:
  Non-class:     14.22 MB used.
      Class:      1.49 MB used.
       Both:     15.71 MB used.

Virtual space:
  Non-class space:       16.00 MB reserved,      14.31 MB ( 89%) committed,  2 nodes.
      Class space:        1.00 GB reserved,       1.62 MB ( <1%) committed,  1 nodes.
              Both:        1.02 GB reserved,      15.94 MB (  2%) committed. 

Chunk freelists:
   Non-Class:  1.00 MB
       Class:  2.23 MB
        Both:  3.23 MB

MaxMetaspaceSize: 17179869184.00 GB
CompressedClassSpaceSize: 1.00 GB
 - commit_granule_bytes: 65536.
 - commit_granule_words: 8192.
 - virtual_space_node_default_size: 1048576.
 - enlarge_chunks_in_place: 1.
 - new_chunks_are_fully_committed: 0.
 - uncommit_free_chunks: 1.
 - use_allocation_guard: 0.
 - handle_deallocations: 1.


Internal statistics:

num_allocs_failed_limit: 0.
num_arena_births: 122.
num_arena_deaths: 0.
num_vsnodes_births: 3.
num_vsnodes_deaths: 0.
num_space_committed: 255.
num_space_uncommitted: 0.
num_chunks_returned_to_freelist: 0.
num_chunks_taken_from_freelist: 194.
num_chunk_merges: 0.
num_chunk_splits: 104.
num_chunks_enlarged: 52.
num_purges: 0.

CodeHeap 'non-profiled nmethods': size=120000Kb used=798Kb max_used=798Kb free=119201Kb
 bounds [0x00000285d6000000, 0x00000285d6270000, 0x00000285dd530000]
CodeHeap 'profiled nmethods': size=120000Kb used=4669Kb max_used=4669Kb free=115330Kb
 bounds [0x00000285cead0000, 0x00000285cef60000, 0x00000285d6000000]
CodeHeap 'non-nmethods': size=5760Kb used=1285Kb max_used=1332Kb free=4474Kb
 bounds [0x00000285ce530000, 0x00000285ce7a0000, 0x00000285cead0000]
 total_blobs=2961 nmethods=2360 adapters=511
 compilation: enabled
              stopped_count=0, restarted_count=0
 full_count=0

Compilation events (20 events):
Event: 33494.182 Thread 0x00000285ea86b550 nmethod 2351 0x00000285cef5b710 code [0x00000285cef5b920, 0x00000285cef5c188]
Event: 33494.182 Thread 0x00000285ea86b550 2352       3       sun.java2d.SurfaceData::<init> (11 bytes)
Event: 33494.183 Thread 0x00000285ea86b550 nmethod 2352 0x00000285cef5c310 code [0x00000285cef5c4c0, 0x00000285cef5c658]
Event: 40404.049 Thread 0x00000285ea86b550 2353       3       sun.awt.windows.WComponentPeer::createScreenSurface (28 bytes)
Event: 40404.055 Thread 0x00000285ea86b550 nmethod 2353 0x00000285cef5c710 code [0x00000285cef5c900, 0x00000285cef5cfb8]
Event: 40404.055 Thread 0x00000285ea86b550 2354   !   3       sun.java2d.d3d.D3DScreenUpdateManager::createScreenSurface (74 bytes)
Event: 40404.055 Thread 0x00000285ea86b550 nmethod 2354 0x00000285cef5d190 code [0x00000285cef5d3a0, 0x00000285cef5d968]
Event: 40404.055 Thread 0x00000285ea86b550 2355       3       sun.java2d.ScreenUpdateManager::createScreenSurface (7 bytes)
Event: 40404.056 Thread 0x00000285ea86b550 nmethod 2355 0x00000285cef5db10 code [0x00000285cef5dcc0, 0x00000285cef5dea8]
Event: 40404.089 Thread 0x00000285ea86b550 2356       3       java.util.AbstractCollection::addAll (42 bytes)
Event: 40404.090 Thread 0x00000285ea86b550 nmethod 2356 0x00000285cef5df90 code [0x00000285cef5e180, 0x00000285cef5e6b8]
Event: 40404.090 Thread 0x00000285ea86b550 2357  s    3       sun.java2d.d3d.D3DScreenUpdateManager::dropScreenSurface (34 bytes)
Event: 40404.091 Thread 0x00000285ea86b550 nmethod 2357 0x00000285cef5e810 code [0x00000285cef5e9e0, 0x00000285cef5ee98]
Event: 40404.091 Thread 0x00000285ea86b550 2358       3       sun.java2d.windows.GDIWindowSurfaceData::invalidate (16 bytes)
Event: 40404.092 Thread 0x00000285ea86b550 nmethod 2358 0x00000285cef5f010 code [0x00000285cef5f1c0, 0x00000285cef5f468]
Event: 46374.949 Thread 0x00000285ea8624f0 2359       4       java.util.HashMap$HashIterator::hasNext (13 bytes)
Event: 46374.950 Thread 0x00000285ea8624f0 nmethod 2359 0x00000285d60c7410 code [0x00000285d60c7580, 0x00000285d60c7618]
Event: 46374.958 Thread 0x00000285ea86b550 2360       1       sun.awt.NullComponentPeer::updateGraphicsData (2 bytes)
Event: 46374.958 Thread 0x00000285ea86b550 nmethod 2360 0x00000285d60c7710 code [0x00000285d60c78a0, 0x00000285d60c7978]
Event: 53015.849 Thread 0x00000285ea8624f0 2361       4       java.util.HashMap$HashIterator::nextNode (100 bytes)

GC Heap History (6 events):
Event: 1.993 GC heap before
{Heap before GC invocations=0 (full 0):
 garbage-first heap   total 260096K, used 40960K [0x0000000702000000, 0x0000000800000000)
  region size 2048K, 11 young (22528K), 0 survivors (0K)
 Metaspace       used 14823K, committed 15040K, reserved 1064960K
  class space    used 1512K, committed 1600K, reserved 1048576K
}
Event: 1.996 GC heap after
{Heap after GC invocations=1 (full 0):
 garbage-first heap   total 260096K, used 22662K [0x0000000702000000, 0x0000000800000000)
  region size 2048K, 2 young (4096K), 2 survivors (4096K)
 Metaspace       used 14823K, committed 15040K, reserved 1064960K
  class space    used 1512K, committed 1600K, reserved 1048576K
}
Event: 2.262 GC heap before
{Heap before GC invocations=1 (full 0):
 garbage-first heap   total 260096K, used 49286K [0x0000000702000000, 0x0000000800000000)
  region size 2048K, 16 young (32768K), 2 survivors (4096K)
 Metaspace       used 15230K, committed 15488K, reserved 1064960K
  class space    used 1520K, committed 1664K, reserved 1048576K
}
Event: 2.266 GC heap after
{Heap after GC invocations=2 (full 0):
 garbage-first heap   total 260096K, used 25859K [0x0000000702000000, 0x0000000800000000)
  region size 2048K, 2 young (4096K), 2 survivors (4096K)
 Metaspace       used 15230K, committed 15488K, reserved 1064960K
  class space    used 1520K, committed 1664K, reserved 1048576K
}
Event: 6.664 GC heap before
{Heap before GC invocations=2 (full 0):
 garbage-first heap   total 260096K, used 97539K [0x0000000702000000, 0x0000000800000000)
  region size 2048K, 35 young (71680K), 2 survivors (4096K)
 Metaspace       used 15874K, committed 16128K, reserved 1064960K
  class space    used 1521K, committed 1664K, reserved 1048576K
}
Event: 6.666 GC heap after
{Heap after GC invocations=3 (full 0):
 garbage-first heap   total 260096K, used 32187K [0x0000000702000000, 0x0000000800000000)
  region size 2048K, 2 young (4096K), 2 survivors (4096K)
 Metaspace       used 15874K, committed 16128K, reserved 1064960K
  class space    used 1521K, committed 1664K, reserved 1048576K
}

Deoptimization events (20 events):
Event: 3.152 Thread 0x00000285eaf51010 Uncommon trap: trap_request=0xffffffc6 fr.pc=0x00000285d6051eb8 relative=0x0000000000000558
Event: 3.152 Thread 0x00000285eaf51010 Uncommon trap: reason=bimorphic_or_optimized_type_check action=maybe_recompile pc=0x00000285d6051eb8 method=java.util.concurrent.ConcurrentHashMap.get(Ljava/lang/Object;)Ljava/lang/Object; @ 149 c2
Event: 3.152 Thread 0x00000285eaf51010 DEOPT PACKING pc=0x00000285d6051eb8 sp=0x000000cbb28fd8c0
Event: 3.152 Thread 0x00000285eaf51010 DEOPT UNPACKING pc=0x00000285ce57d72e sp=0x000000cbb28fd860 mode 2
Event: 3.167 Thread 0x00000285eaf51010 DEOPT PACKING pc=0x00000285cece55b3 sp=0x000000cbb28fc280
Event: 3.167 Thread 0x00000285eaf51010 DEOPT UNPACKING pc=0x00000285ce57dece sp=0x000000cbb28fb760 mode 0
Event: 3.171 Thread 0x00000285eaf51010 DEOPT PACKING pc=0x00000285cece558d sp=0x000000cbb28fc170
Event: 3.171 Thread 0x00000285eaf51010 DEOPT UNPACKING pc=0x00000285ce57dece sp=0x000000cbb28fb650 mode 0
Event: 3.177 Thread 0x00000285eaf51010 Uncommon trap: trap_request=0xffffffc6 fr.pc=0x00000285d6051eb8 relative=0x0000000000000558
Event: 3.177 Thread 0x00000285eaf51010 Uncommon trap: reason=bimorphic_or_optimized_type_check action=maybe_recompile pc=0x00000285d6051eb8 method=java.util.concurrent.ConcurrentHashMap.get(Ljava/lang/Object;)Ljava/lang/Object; @ 149 c2
Event: 3.177 Thread 0x00000285eaf51010 DEOPT PACKING pc=0x00000285d6051eb8 sp=0x000000cbb28fd180
Event: 3.177 Thread 0x00000285eaf51010 DEOPT UNPACKING pc=0x00000285ce57d72e sp=0x000000cbb28fd120 mode 2
Event: 3.835 Thread 0x00000285eaf51010 Uncommon trap: trap_request=0xffffffc6 fr.pc=0x00000285d6051eb8 relative=0x0000000000000558
Event: 3.835 Thread 0x00000285eaf51010 Uncommon trap: reason=bimorphic_or_optimized_type_check action=maybe_recompile pc=0x00000285d6051eb8 method=java.util.concurrent.ConcurrentHashMap.get(Ljava/lang/Object;)Ljava/lang/Object; @ 149 c2
Event: 3.835 Thread 0x00000285eaf51010 DEOPT PACKING pc=0x00000285d6051eb8 sp=0x000000cbb28fd8f0
Event: 3.835 Thread 0x00000285eaf51010 DEOPT UNPACKING pc=0x00000285ce57d72e sp=0x000000cbb28fd890 mode 2
Event: 3.856 Thread 0x00000285eaf51010 Uncommon trap: trap_request=0xffffffc6 fr.pc=0x00000285d6051eb8 relative=0x0000000000000558
Event: 3.856 Thread 0x00000285eaf51010 Uncommon trap: reason=bimorphic_or_optimized_type_check action=maybe_recompile pc=0x00000285d6051eb8 method=java.util.concurrent.ConcurrentHashMap.get(Ljava/lang/Object;)Ljava/lang/Object; @ 149 c2
Event: 3.856 Thread 0x00000285eaf51010 DEOPT PACKING pc=0x00000285d6051eb8 sp=0x000000cbb28fd180
Event: 3.856 Thread 0x00000285eaf51010 DEOPT UNPACKING pc=0x00000285ce57d72e sp=0x000000cbb28fd120 mode 2

Classes unloaded (0 events):
No events

Classes redefined (0 events):
No events

Internal exceptions (14 events):
Event: 0.097 Thread 0x00000285cafa8720 Exception <a 'java/lang/NoSuchMethodError'{0x0000000711d90940}: 'void java.lang.invoke.DirectMethodHandle$Holder.invokeSpecial(java.lang.Object, java.lang.Object, java.lang.Object)'> (0x0000000711d90940) 
thrown [t:\workspace\open\src\hotspot\share\interpreter\linkResolver.cpp, line 790]
Event: 0.132 Thread 0x00000285cafa8720 Exception <a 'java/lang/ClassNotFoundException'{0x0000000711ddfd28}: sun/awt/resources/spi/awtProvider> (0x0000000711ddfd28) 
thrown [t:\workspace\open\src\hotspot\share\classfile\systemDictionary.cpp, line 256]
Event: 0.155 Thread 0x00000285cafa8720 Exception <a 'java/io/FileNotFoundException'{0x0000000711a3b628}> (0x0000000711a3b628) 
thrown [t:\workspace\open\src\hotspot\share\prims\jni.cpp, line 579]
Event: 0.160 Thread 0x00000285cafa8720 Exception <a 'java/io/FileNotFoundException'{0x0000000711a69f28}> (0x0000000711a69f28) 
thrown [t:\workspace\open\src\hotspot\share\prims\jni.cpp, line 579]
Event: 0.161 Thread 0x00000285cafa8720 Exception <a 'java/lang/NoSuchMethodError'{0x0000000711a6b268}: 'java.lang.Object java.lang.invoke.DirectMethodHandle$Holder.invokeStatic(java.lang.Object)'> (0x0000000711a6b268) 
thrown [t:\workspace\open\src\hotspot\share\interpreter\linkResolver.cpp, line 790]
Event: 0.197 Thread 0x00000285cafa8720 Exception <a 'java/lang/NoSuchMethodError'{0x0000000711ac7f20}: 'java.lang.Object java.lang.invoke.DirectMethodHandle$Holder.invokeStaticInit(java.lang.Object)'> (0x0000000711ac7f20) 
thrown [t:\workspace\open\src\hotspot\share\interpreter\linkResolver.cpp, line 790]
Event: 0.221 Thread 0x00000285cafa8720 Exception <a 'java/lang/NoSuchMethodError'{0x0000000711ba9bf0}: 'java.lang.Object java.lang.invoke.DirectMethodHandle$Holder.newInvokeSpecial(java.lang.Object, java.lang.Object, java.lang.Object, java.lang.Object, java.lang.Object)'> (0x0000000711ba9bf0) 
thrown [t:\workspace\open\src\hotspot\share\interpreter\linkResolver.cpp, line 790]
Event: 0.222 Thread 0x00000285cafa8720 Exception <a 'java/lang/NoSuchMethodError'{0x0000000711bb56d8}: 'java.lang.Object java.lang.invoke.DirectMethodHandle$Holder.invokeStatic(java.lang.Object, int, java.lang.Object, java.lang.Object, java.lang.Object, java.lang.Object)'> (0x0000000711bb56d8) 
thrown [t:\workspace\open\src\hotspot\share\interpreter\linkResolver.cpp, line 790]
Event: 0.225 Thread 0x00000285cafa8720 Exception <a 'java/lang/NoSuchMethodError'{0x0000000711bdba08}: 'java.lang.Object java.lang.invoke.DirectMethodHandle$Holder.invokeStatic(java.lang.Object, int, java.lang.Object)'> (0x0000000711bdba08) 
thrown [t:\workspace\open\src\hotspot\share\interpreter\linkResolver.cpp, line 790]
Event: 0.239 Thread 0x00000285cafa8720 Exception <a 'java/lang/ClassNotFoundException'{0x0000000711894310}: com/sun/swing/internal/plaf/metal/resources/spi/metalProvider> (0x0000000711894310) 
thrown [t:\workspace\open\src\hotspot\share\classfile\systemDictionary.cpp, line 256]
Event: 0.239 Thread 0x00000285cafa8720 Exception <a 'java/lang/ClassNotFoundException'{0x0000000711898788}: com/sun/swing/internal/plaf/basic/resources/spi/basicProvider> (0x0000000711898788) 
thrown [t:\workspace\open\src\hotspot\share\classfile\systemDictionary.cpp, line 256]
Event: 0.249 Thread 0x00000285eaea3670 Exception <a 'java/lang/NoSuchMethodError'{0x00000007118edbe0}: 'java.lang.Object java.lang.invoke.DirectMethodHandle$Holder.newInvokeSpecial(java.lang.Object, java.lang.Object, java.lang.Object, int, int, int, int, int)'> (0x00000007118edbe0) 
thrown [t:\workspace\open\src\hotspot\share\interpreter\linkResolver.cpp, line 790]
Event: 0.316 Thread 0x00000285eae3fad0 Exception <a 'java/lang/NoSuchMethodError'{0x0000000711af1cf0}: 'void java.lang.invoke.DirectMethodHandle$Holder.invokeVirtual(java.lang.Object, java.lang.Object)'> (0x0000000711af1cf0) 
thrown [t:\workspace\open\src\hotspot\share\interpreter\linkResolver.cpp, line 790]
Event: 0.326 Thread 0x00000285cafa8720 Exception <a 'java/lang/NoSuchMethodError'{0x000000071154d090}: 'void java.lang.invoke.DirectMethodHandle$Holder.invokeStaticInit(java.lang.Object)'> (0x000000071154d090) 
thrown [t:\workspace\open\src\hotspot\share\interpreter\linkResolver.cpp, line 790]

Events (20 events):
Event: 22.835 Executing  VM operation: Cleanup
Event: 22.835 Executing  VM operation: Cleanup done
Event: 23.846 Executing  VM operation: Cleanup
Event: 23.846 Executing  VM operation: Cleanup done
Event: 24.859 Executing  VM operation: Cleanup
Event: 24.859 Executing  VM operation: Cleanup done
Event: 33494.157 loading class java/util/Collections$SynchronizedSet
Event: 33494.158 loading class java/util/Collections$SynchronizedSet done
Event: 33494.159 loading class java/util/WeakHashMap$KeyIterator
Event: 33494.159 loading class java/util/WeakHashMap$HashIterator
Event: 33494.160 loading class java/util/WeakHashMap$HashIterator done
Event: 33494.160 loading class java/util/WeakHashMap$KeyIterator done
Event: 33494.176 loading class javax/swing/RepaintManager$DisplayChangedRunnable
Event: 33494.176 loading class javax/swing/RepaintManager$DisplayChangedRunnable done
Event: 33494.241 Executing  VM operation: Cleanup
Event: 33494.243 Executing  VM operation: Cleanup done
Event: 40404.645 Executing  VM operation: Cleanup
Event: 40404.650 Executing  VM operation: Cleanup done
Event: 46375.775 Executing  VM operation: Cleanup
Event: 46375.776 Executing  VM operation: Cleanup done


Dynamic libraries:
0x00007ff698f30000 - 0x00007ff698f3e000 	C:\Users\Legion\.p2\pool\plugins\org.eclipse.justj.openjdk.hotspot.jre.full.win32.x86_64_16.0.2.v20210721-1149\jre\bin\javaw.exe
0x00007ffaad170000 - 0x00007ffaad365000 	C:\WINDOWS\SYSTEM32\ntdll.dll
0x00007ffaab3c0000 - 0x00007ffaab47d000 	C:\WINDOWS\System32\KERNEL32.DLL
0x00007ffaaa9a0000 - 0x00007ffaaac6d000 	C:\WINDOWS\System32\KERNELBASE.dll
0x00007ffaaadf0000 - 0x00007ffaaaef0000 	C:\WINDOWS\System32\ucrtbase.dll
0x00007ffa90740000 - 0x00007ffa90758000 	C:\Users\Legion\.p2\pool\plugins\org.eclipse.justj.openjdk.hotspot.jre.full.win32.x86_64_16.0.2.v20210721-1149\jre\bin\jli.dll
0x00007ffa8fe50000 - 0x00007ffa8fe69000 	C:\Users\Legion\.p2\pool\plugins\org.eclipse.justj.openjdk.hotspot.jre.full.win32.x86_64_16.0.2.v20210721-1149\jre\bin\VCRUNTIME140.dll
0x00007ffaac320000 - 0x00007ffaac4c0000 	C:\WINDOWS\System32\USER32.dll
0x00007ffa91c60000 - 0x00007ffa91efa000 	C:\WINDOWS\WinSxS\amd64_microsoft.windows.common-controls_6595b64144ccf1df_6.0.19041.1110_none_60b5254171f9507e\COMCTL32.dll
0x00007ffaab160000 - 0x00007ffaab182000 	C:\WINDOWS\System32\win32u.dll
0x00007ffaac280000 - 0x00007ffaac31e000 	C:\WINDOWS\System32\msvcrt.dll
0x00007ffaacea0000 - 0x00007ffaaceca000 	C:\WINDOWS\System32\GDI32.dll
0x00007ffaaaef0000 - 0x00007ffaaaffb000 	C:\WINDOWS\System32\gdi32full.dll
0x00007ffaaad50000 - 0x00007ffaaaded000 	C:\WINDOWS\System32\msvcp_win.dll
0x00007ffaabfc0000 - 0x00007ffaabff0000 	C:\WINDOWS\System32\IMM32.DLL
0x00007ffaa2a80000 - 0x00007ffaa2a8c000 	C:\Users\Legion\.p2\pool\plugins\org.eclipse.justj.openjdk.hotspot.jre.full.win32.x86_64_16.0.2.v20210721-1149\jre\bin\vcruntime140_1.dll
0x00007ffa80bf0000 - 0x00007ffa80c81000 	C:\Users\Legion\.p2\pool\plugins\org.eclipse.justj.openjdk.hotspot.jre.full.win32.x86_64_16.0.2.v20210721-1149\jre\bin\msvcp140.dll
0x00007ffa71d30000 - 0x00007ffa728db000 	C:\Users\Legion\.p2\pool\plugins\org.eclipse.justj.openjdk.hotspot.jre.full.win32.x86_64_16.0.2.v20210721-1149\jre\bin\server\jvm.dll
0x00007ffaac160000 - 0x00007ffaac20e000 	C:\WINDOWS\System32\ADVAPI32.dll
0x00007ffaac0c0000 - 0x00007ffaac15c000 	C:\WINDOWS\System32\sechost.dll
0x00007ffaabe70000 - 0x00007ffaabf95000 	C:\WINDOWS\System32\RPCRT4.dll
0x00007ffaacd30000 - 0x00007ffaacd38000 	C:\WINDOWS\System32\PSAPI.DLL
0x00007ffa97270000 - 0x00007ffa97297000 	C:\WINDOWS\SYSTEM32\WINMM.dll
0x00007ffaa60f0000 - 0x00007ffaa60f9000 	C:\WINDOWS\SYSTEM32\WSOCK32.dll
0x00007ffaa51f0000 - 0x00007ffaa51fa000 	C:\WINDOWS\SYSTEM32\VERSION.dll
0x00007ffaac210000 - 0x00007ffaac27b000 	C:\WINDOWS\System32\WS2_32.dll
0x00007ffaa9110000 - 0x00007ffaa9122000 	C:\WINDOWS\SYSTEM32\kernel.appcore.dll
0x00007ffaa4500000 - 0x00007ffaa450a000 	C:\Users\Legion\.p2\pool\plugins\org.eclipse.justj.openjdk.hotspot.jre.full.win32.x86_64_16.0.2.v20210721-1149\jre\bin\jimage.dll
0x00007ffaa8680000 - 0x00007ffaa8864000 	C:\WINDOWS\SYSTEM32\DBGHELP.DLL
0x00007ffaa3350000 - 0x00007ffaa337c000 	C:\WINDOWS\SYSTEM32\dbgcore.DLL
0x00007ffaaac70000 - 0x00007ffaaacf2000 	C:\WINDOWS\System32\bcryptPrimitives.dll
0x00007ffaa2fd0000 - 0x00007ffaa2ff5000 	C:\Users\Legion\.p2\pool\plugins\org.eclipse.justj.openjdk.hotspot.jre.full.win32.x86_64_16.0.2.v20210721-1149\jre\bin\java.dll
0x00007ffaa0bb0000 - 0x00007ffaa0bc8000 	C:\Users\Legion\.p2\pool\plugins\org.eclipse.justj.openjdk.hotspot.jre.full.win32.x86_64_16.0.2.v20210721-1149\jre\bin\zip.dll
0x00007ffaac5e0000 - 0x00007ffaacd24000 	C:\WINDOWS\System32\SHELL32.dll
0x00007ffaa8870000 - 0x00007ffaa9004000 	C:\WINDOWS\SYSTEM32\windows.storage.dll
0x00007ffaab550000 - 0x00007ffaab8a4000 	C:\WINDOWS\System32\combase.dll
0x00007ffaaa2e0000 - 0x00007ffaaa30c000 	C:\WINDOWS\SYSTEM32\Wldp.dll
0x00007ffaaced0000 - 0x00007ffaacf7d000 	C:\WINDOWS\System32\SHCORE.dll
0x00007ffaab490000 - 0x00007ffaab4e5000 	C:\WINDOWS\System32\shlwapi.dll
0x00007ffaaa7c0000 - 0x00007ffaaa7df000 	C:\WINDOWS\SYSTEM32\profapi.dll
0x00007ffa94eb0000 - 0x00007ffa94ec9000 	C:\Users\Legion\.p2\pool\plugins\org.eclipse.justj.openjdk.hotspot.jre.full.win32.x86_64_16.0.2.v20210721-1149\jre\bin\net.dll
0x00007ffaa4e60000 - 0x00007ffaa4f6a000 	C:\WINDOWS\SYSTEM32\WINHTTP.dll
0x00007ffaaa040000 - 0x00007ffaaa0aa000 	C:\WINDOWS\system32\mswsock.dll
0x00007ffa939b0000 - 0x00007ffa939c3000 	C:\Users\Legion\.p2\pool\plugins\org.eclipse.justj.openjdk.hotspot.jre.full.win32.x86_64_16.0.2.v20210721-1149\jre\bin\nio.dll
0x00007ffa71bb0000 - 0x00007ffa71d2f000 	C:\Users\Legion\.p2\pool\plugins\org.eclipse.justj.openjdk.hotspot.jre.full.win32.x86_64_16.0.2.v20210721-1149\jre\bin\awt.dll
0x00007ffaab2f0000 - 0x00007ffaab3bd000 	C:\WINDOWS\System32\OLEAUT32.dll
0x00007ffaa7c90000 - 0x00007ffaa7d20000 	C:\WINDOWS\SYSTEM32\apphelp.dll
0x00007ffaa80f0000 - 0x00007ffaa811f000 	C:\WINDOWS\system32\DWMAPI.DLL
0x00007ffaa7dd0000 - 0x00007ffaa7e6e000 	C:\WINDOWS\system32\uxtheme.dll
0x00007ffa90470000 - 0x00007ffa90596000 	C:\WINDOWS\system32\opengl32.dll
0x00007ffaa43c0000 - 0x00007ffaa43ec000 	C:\WINDOWS\SYSTEM32\GLU32.dll
0x00007ffaac4c0000 - 0x00007ffaac5d5000 	C:\WINDOWS\System32\MSCTF.dll
0x00007ffaab1c0000 - 0x00007ffaab2ea000 	C:\WINDOWS\System32\ole32.dll
0x00007ffa8ed10000 - 0x00007ffa8ed3d000 	C:\Users\Legion\.p2\pool\plugins\org.eclipse.justj.openjdk.hotspot.jre.full.win32.x86_64_16.0.2.v20210721-1149\jre\bin\javajpeg.dll
0x00007ffa7ae70000 - 0x00007ffa7aef9000 	C:\Users\Legion\.p2\pool\plugins\org.eclipse.justj.openjdk.hotspot.jre.full.win32.x86_64_16.0.2.v20210721-1149\jre\bin\freetype.dll
0x00007ffa7ac10000 - 0x00007ffa7ad06000 	C:\Users\Legion\.p2\pool\plugins\org.eclipse.justj.openjdk.hotspot.jre.full.win32.x86_64_16.0.2.v20210721-1149\jre\bin\harfbuzz.dll
0x00007ffa8f730000 - 0x00007ffa8f742000 	C:\Users\Legion\.p2\pool\plugins\org.eclipse.justj.openjdk.hotspot.jre.full.win32.x86_64_16.0.2.v20210721-1149\jre\bin\fontmanager.dll
0x00007ffaab940000 - 0x00007ffaab9e9000 	C:\WINDOWS\System32\clbcatq.dll
0x00007ffa9f1a0000 - 0x00007ffa9f354000 	C:\WINDOWS\SYSTEM32\WindowsCodecs.dll
0x00007ffaab190000 - 0x00007ffaab1b7000 	C:\WINDOWS\System32\bcrypt.dll
0x00007ffa8b5d0000 - 0x00007ffa8b60e000 	C:\WINDOWS\system32\dataexchange.dll
0x00007ffaa6500000 - 0x00007ffaa6764000 	C:\WINDOWS\system32\d3d11.dll
0x00007ffaa7190000 - 0x00007ffaa7375000 	C:\WINDOWS\system32\dcomp.dll
0x00007ffaa91c0000 - 0x00007ffaa92b3000 	C:\WINDOWS\system32\dxgi.dll
0x00007ffaa3830000 - 0x00007ffaa3a31000 	C:\WINDOWS\system32\twinapi.appcore.dll
0x00007ffa7a350000 - 0x00007ffa7a3ea000 	C:\WINDOWS\system32\RICHED20.DLL
0x00007ffaa41b0000 - 0x00007ffaa41c9000 	C:\WINDOWS\SYSTEM32\USP10.dll
0x00007ffa8be20000 - 0x00007ffa8be59000 	C:\WINDOWS\SYSTEM32\msls31.dll
0x00007ffa93580000 - 0x00007ffa93679000 	C:\WINDOWS\SYSTEM32\textinputframework.dll
0x00007ffaa7a60000 - 0x00007ffaa7b52000 	C:\WINDOWS\System32\CoreMessaging.dll
0x00007ffaa7700000 - 0x00007ffaa7a5e000 	C:\WINDOWS\System32\CoreUIComponents.dll
0x00007ffaa9580000 - 0x00007ffaa95b3000 	C:\WINDOWS\SYSTEM32\ntmarta.dll
0x00007ffaa63a0000 - 0x00007ffaa64f4000 	C:\WINDOWS\SYSTEM32\wintypes.dll
0x00007ffa8d520000 - 0x00007ffa8d5cc000 	C:\WINDOWS\SYSTEM32\TextShaping.dll

dbghelp: loaded successfully - version: 4.0.5 - missing functions: none
symbol engine: initialized successfully - sym options: 0x614 - pdb path: .;C:\Users\Legion\.p2\pool\plugins\org.eclipse.justj.openjdk.hotspot.jre.full.win32.x86_64_16.0.2.v20210721-1149\jre\bin;C:\WINDOWS\SYSTEM32;C:\WINDOWS\WinSxS\amd64_microsoft.windows.common-controls_6595b64144ccf1df_6.0.19041.1110_none_60b5254171f9507e;C:\Users\Legion\.p2\pool\plugins\org.eclipse.justj.openjdk.hotspot.jre.full.win32.x86_64_16.0.2.v20210721-1149\jre\bin\server

VM Arguments:
jvm_args: -Dfile.encoding=Cp1252 -XX:+ShowCodeDetailsInExceptionMessages 
java_command: controller.Control
java_class_path (initial): C:\Users\Legion\eclipse-workspace\Marvel-M1\bin;C:\Users\Legion\.p2\pool\plugins\org.junit_4.13.0.v20200204-1500.jar;C:\Users\Legion\.p2\pool\plugins\org.hamcrest.core_1.3.0.v20180420-1519.jar
Launcher Type: SUN_STANDARD

[Global flags]
     intx CICompilerCount                          = 4                                         {product} {ergonomic}
     uint ConcGCThreads                            = 3                                         {product} {ergonomic}
     uint G1ConcRefinementThreads                  = 10                                        {product} {ergonomic}
   size_t G1HeapRegionSize                         = 2097152                                   {product} {ergonomic}
    uintx GCDrainStackTargetSize                   = 64                                        {product} {ergonomic}
   size_t InitialHeapSize                          = 266338304                                 {product} {ergonomic}
   size_t MarkStackSize                            = 4194304                                   {product} {ergonomic}
   size_t MaxHeapSize                              = 4261412864                                {product} {ergonomic}
   size_t MaxNewSize                               = 2556428288                                {product} {ergonomic}
   size_t MinHeapDeltaBytes                        = 2097152                                   {product} {ergonomic}
   size_t MinHeapSize                              = 8388608                                   {product} {ergonomic}
    uintx NonNMethodCodeHeapSize                   = 5839372                                {pd product} {ergonomic}
    uintx NonProfiledCodeHeapSize                  = 122909434                              {pd product} {ergonomic}
    uintx ProfiledCodeHeapSize                     = 122909434                              {pd product} {ergonomic}
    uintx ReservedCodeCacheSize                    = 251658240                              {pd product} {ergonomic}
     bool SegmentedCodeCache                       = true                                      {product} {ergonomic}
     bool ShowCodeDetailsInExceptionMessages       = true                                   {manageable} {command line}
   size_t SoftMaxHeapSize                          = 4261412864                             {manageable} {ergonomic}
     bool UseCompressedClassPointers               = true                           {product lp64_product} {ergonomic}
     bool UseCompressedOops                        = true                           {product lp64_product} {ergonomic}
     bool UseG1GC                                  = true                                      {product} {ergonomic}
     bool UseLargePagesIndividualAllocation        = false                                  {pd product} {ergonomic}

Logging:
Log output configuration:
 #0: stdout all=warning uptime,level,tags
 #1: stderr all=off uptime,level,tags

Environment Variables:
PATH=C:/Users/Legion/.p2/pool/plugins/org.eclipse.justj.openjdk.hotspot.jre.full.win32.x86_64_16.0.2.v20210721-1149/jre/bin/server;C:/Users/Legion/.p2/pool/plugins/org.eclipse.justj.openjdk.hotspot.jre.full.win32.x86_64_16.0.2.v20210721-1149/jre/bin;C:\Program Files\Common Files\Oracle\Java\javapath;C:\Program Files (x86)\Common Files\Oracle\Java\javapath;C:\Windows\system32;C:\Windows;C:\Windows\System32\Wbem;C:\Windows\System32\WindowsPowerShell\v1.0\;C:\Windows\System32\OpenSSH\;C:\Program Files\NVIDIA Corporation\NVIDIA NvDLISR;C:\Program Files (x86)\NVIDIA Corporation\PhysX\Common;C:\WINDOWS\system32;C:\WINDOWS;C:\WINDOWS\System32\Wbem;C:\WINDOWS\System32\WindowsPowerShell\v1.0\;C:\WINDOWS\System32\OpenSSH\;C:\Program Files (x86)\Windows Kits\8.1\Windows Performance Toolkit\;C:\Users\Legion\Desktop\JCreatorV5LE_portable\jdk\jdk1.8.0_25\bin;C:\Users\Legion\AppData\Local\Microsoft\WindowsApps;;C:\Program Files\JetBrains\IntelliJ IDEA Community Edition 2021.2\bin;;C:\WINDOWS\System32;
USERNAME=Legion
OS=Windows_NT
PROCESSOR_IDENTIFIER=Intel64 Family 6 Model 165 Stepping 2, GenuineIntel



---------------  S Y S T E M  ---------------

OS:
 Windows 10 , 64 bit Build 19041 (10.0.19041.1706)
OS uptime: 10 days 21:16 hours

CPU: total 12 (initial active 12) (6 cores per cpu, 2 threads per core) family 6 model 165 stepping 2 microcode 0xec, cx8, cmov, fxsr, ht, mmx, 3dnowpref, sse, sse2, sse3, ssse3, sse4.1, sse4.2, popcnt, lzcnt, tsc, tscinvbit, avx, avx2, aes, erms, clmul, bmi1, bmi2, adx, fma, vzeroupper, clflush, clflushopt

Memory: 4k page, system-wide physical 16251M (3272M free)
TotalPageFile size 46598M (AvailPageFile size 1M)
current process WorkingSet (physical memory assigned to process): 88M, peak: 180M
current process commit charge ("private bytes"): 372M, peak: 395M

vm_info: OpenJDK 64-Bit Server VM (16.0.2+7-67) for windows-amd64 JRE (16.0.2+7-67), built on Jun  8 2021 23:21:43 by "mach5one" with MS VC++ 16.7 (VS2019)

END.
