#
# There is insufficient memory for the Java Runtime Environment to continue.
# Native memory allocation (malloc) failed to allocate 32744 bytes for ChunkPool::allocate
# Possible reasons:
#   The system is out of physical RAM or swap space
#   The process is running with CompressedOops enabled, and the Java Heap may be blocking the growth of the native heap
# Possible solutions:
#   Reduce memory load on the system
#   Increase physical memory or swap space
#   Check if swap backing store is full
#   Decrease Java heap size (-Xmx/-Xms)
#   Decrease number of Java threads
#   Decrease Java thread stack sizes (-Xss)
#   Set larger code cache with -XX:ReservedCodeCacheSize=
#   JVM is running with Zero Based Compressed Oops mode in which the Java heap is
#     placed in the first 32GB address space. The Java Heap base address is the
#     maximum limit for the native heap growth. Please use -XX:HeapBaseMinAddress
#     to set the Java Heap base and to place the Java Heap above 32GB virtual address.
# This output file may be truncated or incomplete.
#
#  Out of Memory Error (arena.cpp:79), pid=20808, tid=20436
#
# JRE version: OpenJDK Runtime Environment (16.0.2+7) (build 16.0.2+7-67)
# Java VM: OpenJDK 64-Bit Server VM (16.0.2+7-67, mixed mode, tiered, compressed oops, compressed class ptrs, g1 gc, windows-amd64)
# No core dump will be written. Minidumps are not enabled by default on client versions of Windows
#

---------------  S U M M A R Y ------------

Command Line: -Dfile.encoding=Cp1252 -XX:+ShowCodeDetailsInExceptionMessages controller.Control

Host: Intel(R) Core(TM) i7-10750H CPU @ 2.60GHz, 12 cores, 15G,  Windows 10 , 64 bit Build 19041 (10.0.19041.1706)
Time: Sat May 28 11:51:38 2022 Egypt Standard Time elapsed time: 463.735974 seconds (0d 0h 7m 43s)

---------------  T H R E A D  ---------------

Current thread (0x00000201ff87ab40):  JavaThread "C1 CompilerThread0" daemon [_thread_in_native, id=20436, stack(0x00000014f8500000,0x00000014f8600000)]


Current CompileTask:
C1: 463736 2056       3       sun.invoke.util.VerifyAccess::isMemberAccessible (338 bytes)

Stack: [0x00000014f8500000,0x00000014f8600000]
Native frames: (J=compiled Java code, j=interpreted, Vv=VM code, C=native code)
V  [jvm.dll+0x6681ca]
V  [jvm.dll+0x7c9e69]
V  [jvm.dll+0x7cb61e]
V  [jvm.dll+0x7cbc73]
V  [jvm.dll+0x242c55]
V  [jvm.dll+0xae10f]
V  [jvm.dll+0xae45c]
V  [jvm.dll+0x11a3b5]
V  [jvm.dll+0x178a2c]
V  [jvm.dll+0x1795d3]
V  [jvm.dll+0x1331c3]
V  [jvm.dll+0x132a5f]
V  [jvm.dll+0x132c99]
V  [jvm.dll+0x1320ff]
V  [jvm.dll+0x133ec1]
V  [jvm.dll+0x225158]
V  [jvm.dll+0x22319c]
V  [jvm.dll+0x77fa62]
V  [jvm.dll+0x7795aa]
V  [jvm.dll+0x667066]
C  [ucrtbase.dll+0x21bb2]
C  [KERNEL32.DLL+0x17034]
C  [ntdll.dll+0x52651]


---------------  P R O C E S S  ---------------

Threads class SMR info:
_java_thread_list=0x0000020183461990, length=16, elements={
0x00000201ff841020, 0x00000201ff805260, 0x00000201fee583d0, 0x00000201ff85b280,
0x00000201ff85e840, 0x00000201ff875010, 0x00000201ff8764e0, 0x00000201ff87ab40,
0x00000201ff8860b0, 0x00000201ff9d41c0, 0x00000201ff9ee630, 0x00000201800c66f0,
0x00000201801091a0, 0x0000020180105500, 0x000002018021b910, 0x00000201e0018250
}

Java Threads: ( => current thread )
  0x00000201ff841020 JavaThread "Reference Handler" daemon [_thread_blocked, id=21896, stack(0x00000014f7e00000,0x00000014f7f00000)]
  0x00000201ff805260 JavaThread "Finalizer" daemon [_thread_blocked, id=28704, stack(0x00000014f7f00000,0x00000014f8000000)]
  0x00000201fee583d0 JavaThread "Signal Dispatcher" daemon [_thread_blocked, id=15984, stack(0x00000014f8000000,0x00000014f8100000)]
  0x00000201ff85b280 JavaThread "Attach Listener" daemon [_thread_blocked, id=20720, stack(0x00000014f8100000,0x00000014f8200000)]
  0x00000201ff85e840 JavaThread "Service Thread" daemon [_thread_blocked, id=20060, stack(0x00000014f8200000,0x00000014f8300000)]
  0x00000201ff875010 JavaThread "Monitor Deflation Thread" daemon [_thread_blocked, id=13736, stack(0x00000014f8300000,0x00000014f8400000)]
  0x00000201ff8764e0 JavaThread "C2 CompilerThread0" daemon [_thread_blocked, id=3624, stack(0x00000014f8400000,0x00000014f8500000)]
=>0x00000201ff87ab40 JavaThread "C1 CompilerThread0" daemon [_thread_in_native, id=20436, stack(0x00000014f8500000,0x00000014f8600000)]
  0x00000201ff8860b0 JavaThread "Sweeper thread" daemon [_thread_blocked, id=27384, stack(0x00000014f8600000,0x00000014f8700000)]
  0x00000201ff9d41c0 JavaThread "Notification Thread" daemon [_thread_blocked, id=15660, stack(0x00000014f8700000,0x00000014f8800000)]
  0x00000201ff9ee630 JavaThread "Common-Cleaner" daemon [_thread_blocked, id=4732, stack(0x00000014f8900000,0x00000014f8a00000)]
  0x00000201800c66f0 JavaThread "Java2D Disposer" daemon [_thread_blocked, id=24936, stack(0x00000014f8a00000,0x00000014f8b00000)]
  0x00000201801091a0 JavaThread "AWT-Shutdown" [_thread_blocked, id=27164, stack(0x00000014f8b00000,0x00000014f8c00000)]
  0x0000020180105500 JavaThread "AWT-Windows" daemon [_thread_in_native, id=29328, stack(0x00000014f8c00000,0x00000014f8d00000)]
  0x000002018021b910 JavaThread "AWT-EventQueue-0" [_thread_in_native, id=13600, stack(0x00000014f8e00000,0x00000014f8f00000)]
  0x00000201e0018250 JavaThread "DestroyJavaVM" [_thread_blocked, id=33080, stack(0x00000014f7700000,0x00000014f7800000)]

Other Threads:
  0x00000201ff803c40 VMThread "VM Thread" [stack: 0x00000014f7d00000,0x00000014f7e00000] [id=25140]
  0x00000201ff9dab10 WatcherThread [stack: 0x00000014f8800000,0x00000014f8900000] [id=12656]
  0x00000201e0068680 GCTaskThread "GC Thread#0" [stack: 0x00000014f7800000,0x00000014f7900000] [id=14408]
  0x0000020180310080 GCTaskThread "GC Thread#1" [stack: 0x00000014f9200000,0x00000014f9300000] [id=13892]
  0x0000020180310390 GCTaskThread "GC Thread#2" [stack: 0x00000014f9300000,0x00000014f9400000] [id=32472]
  0x00000201803106a0 GCTaskThread "GC Thread#3" [stack: 0x00000014f9400000,0x00000014f9500000] [id=3904]
  0x00000201803109b0 GCTaskThread "GC Thread#4" [stack: 0x00000014f9500000,0x00000014f9600000] [id=21556]
  0x0000020180310cc0 GCTaskThread "GC Thread#5" [stack: 0x00000014f9600000,0x00000014f9700000] [id=31960]
  0x0000020180310fd0 GCTaskThread "GC Thread#6" [stack: 0x00000014f9700000,0x00000014f9800000] [id=1880]
  0x00000201e0079d60 ConcurrentGCThread "G1 Main Marker" [stack: 0x00000014f7900000,0x00000014f7a00000] [id=16876]
  0x00000201e007bc60 ConcurrentGCThread "G1 Conc#0" [stack: 0x00000014f7a00000,0x00000014f7b00000] [id=15056]
  0x00000201fecc24c0 ConcurrentGCThread "G1 Refine#0" [stack: 0x00000014f7b00000,0x00000014f7c00000] [id=24168]
  0x00000201e00fb240 ConcurrentGCThread "G1 Service" [stack: 0x00000014f7c00000,0x00000014f7d00000] [id=11888]

Threads with active compile tasks:
C1 CompilerThread0   463762 2056       3       sun.invoke.util.VerifyAccess::isMemberAccessible (338 bytes)

VM state: not at safepoint (normal execution)

VM Mutex/Monitor currently owned by a thread: None

Heap address: 0x0000000702000000, size: 4064 MB, Compressed Oops mode: Zero based, Oop shift amount: 3

CDS disabled.
Compressed class space mapped at: 0x0000000800000000-0x0000000840000000, reserved size: 1073741824
Narrow klass base: 0x0000000800000000, Narrow klass shift: 0, Narrow klass range: 0x40000000

GC Precious Log:
 CPUs: 12 total, 12 available
 Memory: 16251M
 Large Page Support: Disabled
 NUMA Support: Disabled
 Compressed Oops: Enabled (Zero based)
 Heap Region Size: 2M
 Heap Min Capacity: 8M
 Heap Initial Capacity: 254M
 Heap Max Capacity: 4064M
 Pre-touch: Disabled
 Parallel Workers: 10
 Concurrent Workers: 3
 Concurrent Refinement Workers: 10
 Periodic GC: Disabled

Heap:
 garbage-first heap   total 260096K, used 123025K [0x0000000702000000, 0x0000000800000000)
  region size 2048K, 44 young (90112K), 1 survivors (2048K)
 Metaspace       used 15873K, committed 16064K, reserved 1064960K
  class space    used 1526K, committed 1664K, reserved 1048576K

Heap Regions: E=young(eden), S=young(survivor), O=old, HS=humongous(starts), HC=humongous(continues), CS=collection set, F=free, OA=open archive, CA=closed archive, TAMS=top-at-mark-start (previous, next)
|   0|0x0000000702000000, 0x0000000702200000, 0x0000000702200000|100%|HS|  |TAMS 0x0000000702000000, 0x0000000702000000| Complete 
|   1|0x0000000702200000, 0x0000000702400000, 0x0000000702400000|100%|HC|  |TAMS 0x0000000702200000, 0x0000000702200000| Complete 
|   2|0x0000000702400000, 0x0000000702600000, 0x0000000702600000|100%|HS|  |TAMS 0x0000000702400000, 0x0000000702400000| Complete 
|   3|0x0000000702600000, 0x0000000702800000, 0x0000000702800000|100%|HC|  |TAMS 0x0000000702600000, 0x0000000702600000| Complete 
|   4|0x0000000702800000, 0x0000000702a00000, 0x0000000702a00000|100%|HC|  |TAMS 0x0000000702800000, 0x0000000702800000| Complete 
|   5|0x0000000702a00000, 0x0000000702c00000, 0x0000000702c00000|100%|HS|  |TAMS 0x0000000702a00000, 0x0000000702a00000| Complete 
|   6|0x0000000702c00000, 0x0000000702e00000, 0x0000000702e00000|100%|HS|  |TAMS 0x0000000702c00000, 0x0000000702c00000| Complete 
|   7|0x0000000702e00000, 0x0000000703000000, 0x0000000703000000|100%|HS|  |TAMS 0x0000000702e00000, 0x0000000702e00000| Complete 
|   8|0x0000000703000000, 0x0000000703200000, 0x0000000703200000|100%|HC|  |TAMS 0x0000000703000000, 0x0000000703000000| Complete 
|   9|0x0000000703200000, 0x0000000703400000, 0x0000000703400000|100%| O|  |TAMS 0x0000000703200000, 0x0000000703200000| Untracked 
|  10|0x0000000703400000, 0x0000000703600000, 0x0000000703600000|100%| O|  |TAMS 0x0000000703400000, 0x0000000703400000| Untracked 
|  11|0x0000000703600000, 0x0000000703658000, 0x0000000703800000| 17%| O|  |TAMS 0x0000000703600000, 0x0000000703600000| Untracked 
|  12|0x0000000703800000, 0x0000000703a00000, 0x0000000703a00000|100%|HS|  |TAMS 0x0000000703800000, 0x0000000703800000| Complete 
|  13|0x0000000703a00000, 0x0000000703c00000, 0x0000000703c00000|100%|HC|  |TAMS 0x0000000703a00000, 0x0000000703a00000| Complete 
|  14|0x0000000703c00000, 0x0000000703e00000, 0x0000000703e00000|100%|HC|  |TAMS 0x0000000703c00000, 0x0000000703c00000| Complete 
|  15|0x0000000703e00000, 0x0000000704000000, 0x0000000704000000|100%|HS|  |TAMS 0x0000000703e00000, 0x0000000703e00000| Complete 
|  16|0x0000000704000000, 0x0000000704200000, 0x0000000704200000|100%|HC|  |TAMS 0x0000000704000000, 0x0000000704000000| Complete 
|  17|0x0000000704200000, 0x0000000704400000, 0x0000000704400000|100%|HC|  |TAMS 0x0000000704200000, 0x0000000704200000| Complete 
|  18|0x0000000704400000, 0x0000000704600000, 0x0000000704600000|100%|HC|  |TAMS 0x0000000704400000, 0x0000000704400000| Complete 
|  19|0x0000000704600000, 0x0000000704600000, 0x0000000704800000|  0%| F|  |TAMS 0x0000000704600000, 0x0000000704600000| Untracked 
|  20|0x0000000704800000, 0x0000000704800000, 0x0000000704a00000|  0%| F|  |TAMS 0x0000000704800000, 0x0000000704800000| Untracked 
|  21|0x0000000704a00000, 0x0000000704a00000, 0x0000000704c00000|  0%| F|  |TAMS 0x0000000704a00000, 0x0000000704a00000| Untracked 
|  22|0x0000000704c00000, 0x0000000704c00000, 0x0000000704e00000|  0%| F|  |TAMS 0x0000000704c00000, 0x0000000704c00000| Untracked 
|  23|0x0000000704e00000, 0x0000000704e00000, 0x0000000705000000|  0%| F|  |TAMS 0x0000000704e00000, 0x0000000704e00000| Untracked 
|  24|0x0000000705000000, 0x0000000705000000, 0x0000000705200000|  0%| F|  |TAMS 0x0000000705000000, 0x0000000705000000| Untracked 
|  25|0x0000000705200000, 0x0000000705200000, 0x0000000705400000|  0%| F|  |TAMS 0x0000000705200000, 0x0000000705200000| Untracked 
|  26|0x0000000705400000, 0x0000000705400000, 0x0000000705600000|  0%| F|  |TAMS 0x0000000705400000, 0x0000000705400000| Untracked 
|  27|0x0000000705600000, 0x0000000705600000, 0x0000000705800000|  0%| F|  |TAMS 0x0000000705600000, 0x0000000705600000| Untracked 
|  28|0x0000000705800000, 0x0000000705800000, 0x0000000705a00000|  0%| F|  |TAMS 0x0000000705800000, 0x0000000705800000| Untracked 
|  29|0x0000000705a00000, 0x0000000705a00000, 0x0000000705c00000|  0%| F|  |TAMS 0x0000000705a00000, 0x0000000705a00000| Untracked 
|  30|0x0000000705c00000, 0x0000000705c00000, 0x0000000705e00000|  0%| F|  |TAMS 0x0000000705c00000, 0x0000000705c00000| Untracked 
|  31|0x0000000705e00000, 0x0000000705e00000, 0x0000000706000000|  0%| F|  |TAMS 0x0000000705e00000, 0x0000000705e00000| Untracked 
|  32|0x0000000706000000, 0x0000000706000000, 0x0000000706200000|  0%| F|  |TAMS 0x0000000706000000, 0x0000000706000000| Untracked 
|  33|0x0000000706200000, 0x0000000706200000, 0x0000000706400000|  0%| F|  |TAMS 0x0000000706200000, 0x0000000706200000| Untracked 
|  34|0x0000000706400000, 0x0000000706400000, 0x0000000706600000|  0%| F|  |TAMS 0x0000000706400000, 0x0000000706400000| Untracked 
|  35|0x0000000706600000, 0x0000000706600000, 0x0000000706800000|  0%| F|  |TAMS 0x0000000706600000, 0x0000000706600000| Untracked 
|  36|0x0000000706800000, 0x0000000706800000, 0x0000000706a00000|  0%| F|  |TAMS 0x0000000706800000, 0x0000000706800000| Untracked 
|  37|0x0000000706a00000, 0x0000000706a00000, 0x0000000706c00000|  0%| F|  |TAMS 0x0000000706a00000, 0x0000000706a00000| Untracked 
|  38|0x0000000706c00000, 0x0000000706c00000, 0x0000000706e00000|  0%| F|  |TAMS 0x0000000706c00000, 0x0000000706c00000| Untracked 
|  39|0x0000000706e00000, 0x0000000706e00000, 0x0000000707000000|  0%| F|  |TAMS 0x0000000706e00000, 0x0000000706e00000| Untracked 
|  40|0x0000000707000000, 0x0000000707000000, 0x0000000707200000|  0%| F|  |TAMS 0x0000000707000000, 0x0000000707000000| Untracked 
|  41|0x0000000707200000, 0x0000000707200000, 0x0000000707400000|  0%| F|  |TAMS 0x0000000707200000, 0x0000000707200000| Untracked 
|  42|0x0000000707400000, 0x0000000707400000, 0x0000000707600000|  0%| F|  |TAMS 0x0000000707400000, 0x0000000707400000| Untracked 
|  43|0x0000000707600000, 0x0000000707600000, 0x0000000707800000|  0%| F|  |TAMS 0x0000000707600000, 0x0000000707600000| Untracked 
|  44|0x0000000707800000, 0x0000000707800000, 0x0000000707a00000|  0%| F|  |TAMS 0x0000000707800000, 0x0000000707800000| Untracked 
|  45|0x0000000707a00000, 0x0000000707a00000, 0x0000000707c00000|  0%| F|  |TAMS 0x0000000707a00000, 0x0000000707a00000| Untracked 
|  46|0x0000000707c00000, 0x0000000707c00000, 0x0000000707e00000|  0%| F|  |TAMS 0x0000000707c00000, 0x0000000707c00000| Untracked 
|  47|0x0000000707e00000, 0x0000000707e00000, 0x0000000708000000|  0%| F|  |TAMS 0x0000000707e00000, 0x0000000707e00000| Untracked 
|  48|0x0000000708000000, 0x0000000708000000, 0x0000000708200000|  0%| F|  |TAMS 0x0000000708000000, 0x0000000708000000| Untracked 
|  49|0x0000000708200000, 0x0000000708200000, 0x0000000708400000|  0%| F|  |TAMS 0x0000000708200000, 0x0000000708200000| Untracked 
|  50|0x0000000708400000, 0x0000000708400000, 0x0000000708600000|  0%| F|  |TAMS 0x0000000708400000, 0x0000000708400000| Untracked 
|  51|0x0000000708600000, 0x0000000708600000, 0x0000000708800000|  0%| F|  |TAMS 0x0000000708600000, 0x0000000708600000| Untracked 
|  52|0x0000000708800000, 0x0000000708800000, 0x0000000708a00000|  0%| F|  |TAMS 0x0000000708800000, 0x0000000708800000| Untracked 
|  53|0x0000000708a00000, 0x0000000708a00000, 0x0000000708c00000|  0%| F|  |TAMS 0x0000000708a00000, 0x0000000708a00000| Untracked 
|  54|0x0000000708c00000, 0x0000000708c00000, 0x0000000708e00000|  0%| F|  |TAMS 0x0000000708c00000, 0x0000000708c00000| Untracked 
|  55|0x0000000708e00000, 0x0000000708e00000, 0x0000000709000000|  0%| F|  |TAMS 0x0000000708e00000, 0x0000000708e00000| Untracked 
|  56|0x0000000709000000, 0x0000000709000000, 0x0000000709200000|  0%| F|  |TAMS 0x0000000709000000, 0x0000000709000000| Untracked 
|  57|0x0000000709200000, 0x0000000709200000, 0x0000000709400000|  0%| F|  |TAMS 0x0000000709200000, 0x0000000709200000| Untracked 
|  58|0x0000000709400000, 0x0000000709400000, 0x0000000709600000|  0%| F|  |TAMS 0x0000000709400000, 0x0000000709400000| Untracked 
|  59|0x0000000709600000, 0x0000000709600000, 0x0000000709800000|  0%| F|  |TAMS 0x0000000709600000, 0x0000000709600000| Untracked 
|  60|0x0000000709800000, 0x0000000709800000, 0x0000000709a00000|  0%| F|  |TAMS 0x0000000709800000, 0x0000000709800000| Untracked 
|  61|0x0000000709a00000, 0x0000000709a00000, 0x0000000709c00000|  0%| F|  |TAMS 0x0000000709a00000, 0x0000000709a00000| Untracked 
|  62|0x0000000709c00000, 0x0000000709c00000, 0x0000000709e00000|  0%| F|  |TAMS 0x0000000709c00000, 0x0000000709c00000| Untracked 
|  63|0x0000000709e00000, 0x0000000709e00000, 0x000000070a000000|  0%| F|  |TAMS 0x0000000709e00000, 0x0000000709e00000| Untracked 
|  64|0x000000070a000000, 0x000000070a000000, 0x000000070a200000|  0%| F|  |TAMS 0x000000070a000000, 0x000000070a000000| Untracked 
|  65|0x000000070a200000, 0x000000070a200000, 0x000000070a400000|  0%| F|  |TAMS 0x000000070a200000, 0x000000070a200000| Untracked 
|  66|0x000000070a400000, 0x000000070a400000, 0x000000070a600000|  0%| F|  |TAMS 0x000000070a400000, 0x000000070a400000| Untracked 
|  67|0x000000070a600000, 0x000000070a600000, 0x000000070a800000|  0%| F|  |TAMS 0x000000070a600000, 0x000000070a600000| Untracked 
|  68|0x000000070a800000, 0x000000070a800000, 0x000000070aa00000|  0%| F|  |TAMS 0x000000070a800000, 0x000000070a800000| Untracked 
|  69|0x000000070aa00000, 0x000000070aa00000, 0x000000070ac00000|  0%| F|  |TAMS 0x000000070aa00000, 0x000000070aa00000| Untracked 
|  70|0x000000070ac00000, 0x000000070ac00000, 0x000000070ae00000|  0%| F|  |TAMS 0x000000070ac00000, 0x000000070ac00000| Untracked 
|  71|0x000000070ae00000, 0x000000070ae00000, 0x000000070b000000|  0%| F|  |TAMS 0x000000070ae00000, 0x000000070ae00000| Untracked 
|  72|0x000000070b000000, 0x000000070b000000, 0x000000070b200000|  0%| F|  |TAMS 0x000000070b000000, 0x000000070b000000| Untracked 
|  73|0x000000070b200000, 0x000000070b200000, 0x000000070b400000|  0%| F|  |TAMS 0x000000070b200000, 0x000000070b200000| Untracked 
|  74|0x000000070b400000, 0x000000070b400000, 0x000000070b600000|  0%| F|  |TAMS 0x000000070b400000, 0x000000070b400000| Untracked 
|  75|0x000000070b600000, 0x000000070b600000, 0x000000070b800000|  0%| F|  |TAMS 0x000000070b600000, 0x000000070b600000| Untracked 
|  76|0x000000070b800000, 0x000000070b800000, 0x000000070ba00000|  0%| F|  |TAMS 0x000000070b800000, 0x000000070b800000| Untracked 
|  77|0x000000070ba00000, 0x000000070ba00000, 0x000000070bc00000|  0%| F|  |TAMS 0x000000070ba00000, 0x000000070ba00000| Untracked 
|  78|0x000000070bc00000, 0x000000070bc00000, 0x000000070be00000|  0%| F|  |TAMS 0x000000070bc00000, 0x000000070bc00000| Untracked 
|  79|0x000000070be00000, 0x000000070be00000, 0x000000070c000000|  0%| F|  |TAMS 0x000000070be00000, 0x000000070be00000| Untracked 
|  80|0x000000070c000000, 0x000000070c000000, 0x000000070c200000|  0%| F|  |TAMS 0x000000070c000000, 0x000000070c000000| Untracked 
|  81|0x000000070c200000, 0x000000070c200000, 0x000000070c400000|  0%| F|  |TAMS 0x000000070c200000, 0x000000070c200000| Untracked 
|  82|0x000000070c400000, 0x000000070c400000, 0x000000070c600000|  0%| F|  |TAMS 0x000000070c400000, 0x000000070c400000| Untracked 
|  83|0x000000070c600000, 0x000000070c700800, 0x000000070c800000| 50%| E|  |TAMS 0x000000070c600000, 0x000000070c600000| Complete 
|  84|0x000000070c800000, 0x000000070ca00000, 0x000000070ca00000|100%| E|CS|TAMS 0x000000070c800000, 0x000000070c800000| Complete 
|  85|0x000000070ca00000, 0x000000070cc00000, 0x000000070cc00000|100%| E|  |TAMS 0x000000070ca00000, 0x000000070ca00000| Complete 
|  86|0x000000070cc00000, 0x000000070ce00000, 0x000000070ce00000|100%| E|CS|TAMS 0x000000070cc00000, 0x000000070cc00000| Complete 
|  87|0x000000070ce00000, 0x000000070d000000, 0x000000070d000000|100%| E|CS|TAMS 0x000000070ce00000, 0x000000070ce00000| Complete 
|  88|0x000000070d000000, 0x000000070d200000, 0x000000070d200000|100%| E|CS|TAMS 0x000000070d000000, 0x000000070d000000| Complete 
|  89|0x000000070d200000, 0x000000070d400000, 0x000000070d400000|100%| E|CS|TAMS 0x000000070d200000, 0x000000070d200000| Complete 
|  90|0x000000070d400000, 0x000000070d600000, 0x000000070d600000|100%| E|CS|TAMS 0x000000070d400000, 0x000000070d400000| Complete 
|  91|0x000000070d600000, 0x000000070d800000, 0x000000070d800000|100%| E|CS|TAMS 0x000000070d600000, 0x000000070d600000| Complete 
|  92|0x000000070d800000, 0x000000070da00000, 0x000000070da00000|100%| E|CS|TAMS 0x000000070d800000, 0x000000070d800000| Complete 
|  93|0x000000070da00000, 0x000000070dc00000, 0x000000070dc00000|100%| E|CS|TAMS 0x000000070da00000, 0x000000070da00000| Complete 
|  94|0x000000070dc00000, 0x000000070de00000, 0x000000070de00000|100%| E|CS|TAMS 0x000000070dc00000, 0x000000070dc00000| Complete 
|  95|0x000000070de00000, 0x000000070e000000, 0x000000070e000000|100%| E|CS|TAMS 0x000000070de00000, 0x000000070de00000| Complete 
|  96|0x000000070e000000, 0x000000070e200000, 0x000000070e200000|100%| E|CS|TAMS 0x000000070e000000, 0x000000070e000000| Complete 
|  97|0x000000070e200000, 0x000000070e400000, 0x000000070e400000|100%| E|CS|TAMS 0x000000070e200000, 0x000000070e200000| Complete 
|  98|0x000000070e400000, 0x000000070e600000, 0x000000070e600000|100%| E|CS|TAMS 0x000000070e400000, 0x000000070e400000| Complete 
|  99|0x000000070e600000, 0x000000070e800000, 0x000000070e800000|100%| E|CS|TAMS 0x000000070e600000, 0x000000070e600000| Complete 
| 100|0x000000070e800000, 0x000000070ea00000, 0x000000070ea00000|100%| E|CS|TAMS 0x000000070e800000, 0x000000070e800000| Complete 
| 101|0x000000070ea00000, 0x000000070ec00000, 0x000000070ec00000|100%| E|CS|TAMS 0x000000070ea00000, 0x000000070ea00000| Complete 
| 102|0x000000070ec00000, 0x000000070ee00000, 0x000000070ee00000|100%| E|CS|TAMS 0x000000070ec00000, 0x000000070ec00000| Complete 
| 103|0x000000070ee00000, 0x000000070f000000, 0x000000070f000000|100%| E|CS|TAMS 0x000000070ee00000, 0x000000070ee00000| Complete 
| 104|0x000000070f000000, 0x000000070f200000, 0x000000070f200000|100%| E|CS|TAMS 0x000000070f000000, 0x000000070f000000| Complete 
| 105|0x000000070f200000, 0x000000070f400000, 0x000000070f400000|100%| E|CS|TAMS 0x000000070f200000, 0x000000070f200000| Complete 
| 106|0x000000070f400000, 0x000000070f600000, 0x000000070f600000|100%| E|CS|TAMS 0x000000070f400000, 0x000000070f400000| Complete 
| 107|0x000000070f600000, 0x000000070f800000, 0x000000070f800000|100%| E|CS|TAMS 0x000000070f600000, 0x000000070f600000| Complete 
| 108|0x000000070f800000, 0x000000070fa00000, 0x000000070fa00000|100%| E|CS|TAMS 0x000000070f800000, 0x000000070f800000| Complete 
| 109|0x000000070fa00000, 0x000000070fc00000, 0x000000070fc00000|100%| E|CS|TAMS 0x000000070fa00000, 0x000000070fa00000| Complete 
| 110|0x000000070fc00000, 0x000000070fdcc630, 0x000000070fe00000| 89%| S|CS|TAMS 0x000000070fc00000, 0x000000070fc00000| Complete 
| 111|0x000000070fe00000, 0x0000000710000000, 0x0000000710000000|100%| E|CS|TAMS 0x000000070fe00000, 0x000000070fe00000| Complete 
| 112|0x0000000710000000, 0x0000000710200000, 0x0000000710200000|100%| E|CS|TAMS 0x0000000710000000, 0x0000000710000000| Complete 
| 113|0x0000000710200000, 0x0000000710400000, 0x0000000710400000|100%| E|CS|TAMS 0x0000000710200000, 0x0000000710200000| Complete 
| 114|0x0000000710400000, 0x0000000710600000, 0x0000000710600000|100%| E|CS|TAMS 0x0000000710400000, 0x0000000710400000| Complete 
| 115|0x0000000710600000, 0x0000000710800000, 0x0000000710800000|100%| E|CS|TAMS 0x0000000710600000, 0x0000000710600000| Complete 
| 116|0x0000000710800000, 0x0000000710a00000, 0x0000000710a00000|100%| E|CS|TAMS 0x0000000710800000, 0x0000000710800000| Complete 
| 117|0x0000000710a00000, 0x0000000710c00000, 0x0000000710c00000|100%| E|CS|TAMS 0x0000000710a00000, 0x0000000710a00000| Complete 
| 118|0x0000000710c00000, 0x0000000710e00000, 0x0000000710e00000|100%| E|CS|TAMS 0x0000000710c00000, 0x0000000710c00000| Complete 
| 119|0x0000000710e00000, 0x0000000711000000, 0x0000000711000000|100%| E|CS|TAMS 0x0000000710e00000, 0x0000000710e00000| Complete 
| 120|0x0000000711000000, 0x0000000711200000, 0x0000000711200000|100%| E|CS|TAMS 0x0000000711000000, 0x0000000711000000| Complete 
| 121|0x0000000711200000, 0x0000000711400000, 0x0000000711400000|100%| E|CS|TAMS 0x0000000711200000, 0x0000000711200000| Complete 
| 122|0x0000000711400000, 0x0000000711600000, 0x0000000711600000|100%| E|CS|TAMS 0x0000000711400000, 0x0000000711400000| Complete 
| 123|0x0000000711600000, 0x0000000711800000, 0x0000000711800000|100%| E|CS|TAMS 0x0000000711600000, 0x0000000711600000| Complete 
| 124|0x0000000711800000, 0x0000000711a00000, 0x0000000711a00000|100%| E|CS|TAMS 0x0000000711800000, 0x0000000711800000| Complete 
| 125|0x0000000711a00000, 0x0000000711c00000, 0x0000000711c00000|100%| E|CS|TAMS 0x0000000711a00000, 0x0000000711a00000| Complete 
| 126|0x0000000711c00000, 0x0000000711e00000, 0x0000000711e00000|100%| E|CS|TAMS 0x0000000711c00000, 0x0000000711c00000| Complete 

Card table byte_map: [0x00000201f32e0000,0x00000201f3ad0000] _byte_map_base: 0x00000201efad0000

Marking Bits (Prev, Next): (CMBitMap*) 0x00000201e0068d70, (CMBitMap*) 0x00000201e0068db0
 Prev Bits: [0x00000201f42c0000, 0x00000201f8240000)
 Next Bits: [0x00000201f8240000, 0x00000201fc1c0000)

Polling page: 0x00000201ddd30000

Metaspace:

Usage:
  Non-class:     14.01 MB used.
      Class:      1.49 MB used.
       Both:     15.50 MB used.

Virtual space:
  Non-class space:       16.00 MB reserved,      14.06 MB ( 88%) committed,  2 nodes.
      Class space:        1.00 GB reserved,       1.62 MB ( <1%) committed,  1 nodes.
              Both:        1.02 GB reserved,      15.69 MB (  2%) committed. 

Chunk freelists:
   Non-Class:  1.00 MB
       Class:  2.23 MB
        Both:  3.23 MB

MaxMetaspaceSize: 17179869184.00 GB
CompressedClassSpaceSize: 1.00 GB
 - commit_granule_bytes: 65536.
 - commit_granule_words: 8192.
 - virtual_space_node_default_size: 1048576.
 - enlarge_chunks_in_place: 1.
 - new_chunks_are_fully_committed: 0.
 - uncommit_free_chunks: 1.
 - use_allocation_guard: 0.
 - handle_deallocations: 1.


Internal statistics:

num_allocs_failed_limit: 0.
num_arena_births: 122.
num_arena_deaths: 0.
num_vsnodes_births: 3.
num_vsnodes_deaths: 0.
num_space_committed: 251.
num_space_uncommitted: 0.
num_chunks_returned_to_freelist: 0.
num_chunks_taken_from_freelist: 202.
num_chunk_merges: 0.
num_chunk_splits: 103.
num_chunks_enlarged: 44.
num_purges: 0.

CodeHeap 'non-profiled nmethods': size=120000Kb used=634Kb max_used=634Kb free=119365Kb
 bounds [0x00000201eb070000, 0x00000201eb2e0000, 0x00000201f25a0000]
CodeHeap 'profiled nmethods': size=120000Kb used=4009Kb max_used=4009Kb free=115990Kb
 bounds [0x00000201e3b40000, 0x00000201e3f30000, 0x00000201eb070000]
CodeHeap 'non-nmethods': size=5760Kb used=1281Kb max_used=1320Kb free=4478Kb
 bounds [0x00000201e35a0000, 0x00000201e3810000, 0x00000201e3b40000]
 total_blobs=2654 nmethods=2055 adapters=511
 compilation: enabled
              stopped_count=0, restarted_count=0
 full_count=0

Compilation events (20 events):
Event: 3.996 Thread 0x00000201ff87ab40 nmethod 2043 0x00000201e3f23010 code [0x00000201e3f231a0, 0x00000201e3f232d8]
Event: 4.599 Thread 0x00000201ff87ab40 2044       3       java.awt.Container::eventEnabled (49 bytes)
Event: 4.599 Thread 0x00000201ff87ab40 nmethod 2044 0x00000201e3f23390 code [0x00000201e3f23560, 0x00000201e3f23988]
Event: 4.599 Thread 0x00000201ff87ab40 2045       3       java.awt.Component::eventEnabled (9 bytes)
Event: 4.599 Thread 0x00000201ff87ab40 nmethod 2045 0x00000201e3f23a90 code [0x00000201e3f23c40, 0x00000201e3f23e08]
Event: 4.647 Thread 0x00000201ff87ab40 2046       3       sun.awt.windows.WGlobalCursorManager::getCursorManager (20 bytes)
Event: 4.647 Thread 0x00000201ff87ab40 nmethod 2046 0x00000201e3f23f10 code [0x00000201e3f24100, 0x00000201e3f24738]
Event: 4.682 Thread 0x00000201ff87ab40 2047       3       java.util.concurrent.locks.AbstractQueuedSynchronizer$ConditionNode::isReleasable (23 bytes)
Event: 4.682 Thread 0x00000201ff87ab40 nmethod 2047 0x00000201e3f24910 code [0x00000201e3f24ac0, 0x00000201e3f24d38]
Event: 4.689 Thread 0x00000201ff87ab40 2048   !   3       java.awt.EventDispatchThread::filterAndCheckEvent (108 bytes)
Event: 4.690 Thread 0x00000201ff87ab40 nmethod 2048 0x00000201e3f24e10 code [0x00000201e3f25060, 0x00000201e3f25d78]
Event: 4.996 Thread 0x00000201ff87ab40 2049   !   3       sun.awt.GlobalCursorManager::_updateCursor (165 bytes)
Event: 4.997 Thread 0x00000201ff87ab40 nmethod 2049 0x00000201e3f26210 code [0x00000201e3f26600, 0x00000201e3f282b8]
Event: 5.018 Thread 0x00000201ff87ab40 2052       3       sun.awt.windows.WObjectPeer::getPeerForTarget (10 bytes)
Event: 5.018 Thread 0x00000201ff87ab40 nmethod 2052 0x00000201e3f28f90 code [0x00000201e3f291e0, 0x00000201e3f29ae8]
Event: 5.277 Thread 0x00000201ff87ab40 2054       1       sun.awt.windows.WObjectPeer::isDisposed (5 bytes)
Event: 5.277 Thread 0x00000201ff87ab40 nmethod 2054 0x00000201eb10e810 code [0x00000201eb10e9a0, 0x00000201eb10ea78]
Event: 13.411 Thread 0x00000201ff87ab40 2055       3       java.awt.Window::eventEnabled (138 bytes)
Event: 13.411 Thread 0x00000201ff87ab40 nmethod 2055 0x00000201e3f29e10 code [0x00000201e3f2a000, 0x00000201e3f2a588]
Event: 463.714 Thread 0x00000201ff87ab40 2056       3       sun.invoke.util.VerifyAccess::isMemberAccessible (338 bytes)

GC Heap History (4 events):
Event: 2.275 GC heap before
{Heap before GC invocations=0 (full 0):
 garbage-first heap   total 260096K, used 40960K [0x0000000702000000, 0x0000000800000000)
  region size 2048K, 11 young (22528K), 0 survivors (0K)
 Metaspace       used 14796K, committed 14976K, reserved 1064960K
  class space    used 1512K, committed 1600K, reserved 1048576K
}
Event: 2.279 GC heap after
{Heap after GC invocations=1 (full 0):
 garbage-first heap   total 260096K, used 22792K [0x0000000702000000, 0x0000000800000000)
  region size 2048K, 2 young (4096K), 2 survivors (4096K)
 Metaspace       used 14796K, committed 14976K, reserved 1064960K
  class space    used 1512K, committed 1600K, reserved 1048576K
}
Event: 2.481 GC heap before
{Heap before GC invocations=1 (full 0):
 garbage-first heap   total 260096K, used 49416K [0x0000000702000000, 0x0000000800000000)
  region size 2048K, 16 young (32768K), 2 survivors (4096K)
 Metaspace       used 14965K, committed 15232K, reserved 1064960K
  class space    used 1513K, committed 1664K, reserved 1048576K
}
Event: 2.485 GC heap after
{Heap after GC invocations=2 (full 0):
 garbage-first heap   total 260096K, used 24721K [0x0000000702000000, 0x0000000800000000)
  region size 2048K, 1 young (2048K), 1 survivors (2048K)
 Metaspace       used 14965K, committed 15232K, reserved 1064960K
  class space    used 1513K, committed 1664K, reserved 1048576K
}

Deoptimization events (20 events):
Event: 3.075 Thread 0x000002018021b910 Uncommon trap: trap_request=0xffffff45 fr.pc=0x00000201eb0cac14 relative=0x0000000000000454
Event: 3.075 Thread 0x000002018021b910 Uncommon trap: reason=unstable_if action=reinterpret pc=0x00000201eb0cac14 method=java.lang.StringLatin1.toLowerCase(Ljava/lang/String;[BLjava/util/Locale;)Ljava/lang/String; @ 43 c2
Event: 3.075 Thread 0x000002018021b910 DEOPT PACKING pc=0x00000201eb0cac14 sp=0x00000014f8efd7b0
Event: 3.075 Thread 0x000002018021b910 DEOPT UNPACKING pc=0x00000201e35ed72e sp=0x00000014f8efd720 mode 2
Event: 3.149 Thread 0x000002018021b910 Uncommon trap: trap_request=0xffffff45 fr.pc=0x00000201eb07d0b0 relative=0x0000000000000210
Event: 3.149 Thread 0x000002018021b910 Uncommon trap: reason=unstable_if action=reinterpret pc=0x00000201eb07d0b0 method=java.lang.String.hashCode()I @ 20 c2
Event: 3.149 Thread 0x000002018021b910 DEOPT PACKING pc=0x00000201eb07d0b0 sp=0x00000014f8efd440
Event: 3.149 Thread 0x000002018021b910 DEOPT UNPACKING pc=0x00000201e35ed72e sp=0x00000014f8efd3d0 mode 2
Event: 3.156 Thread 0x000002018021b910 Uncommon trap: trap_request=0xffffff45 fr.pc=0x00000201eb0d7d80 relative=0x0000000000000440
Event: 3.156 Thread 0x000002018021b910 Uncommon trap: reason=unstable_if action=reinterpret pc=0x00000201eb0d7d80 method=java.lang.Character.isSurrogate(C)Z @ 3 c2
Event: 3.156 Thread 0x000002018021b910 DEOPT PACKING pc=0x00000201eb0d7d80 sp=0x00000014f8efd130
Event: 3.156 Thread 0x000002018021b910 DEOPT UNPACKING pc=0x00000201e35ed72e sp=0x00000014f8efd048 mode 2
Event: 3.302 Thread 0x000002018021b910 DEOPT PACKING pc=0x00000201e3ca7a8d sp=0x00000014f8efc280
Event: 3.302 Thread 0x000002018021b910 DEOPT UNPACKING pc=0x00000201e35edece sp=0x00000014f8efb780 mode 0
Event: 3.305 Thread 0x000002018021b910 DEOPT PACKING pc=0x00000201e3ca7a8d sp=0x00000014f8efc310
Event: 3.305 Thread 0x000002018021b910 DEOPT UNPACKING pc=0x00000201e35edece sp=0x00000014f8efb7f0 mode 0
Event: 3.901 Thread 0x000002018021b910 Uncommon trap: trap_request=0xffffff45 fr.pc=0x00000201eb0fad80 relative=0x0000000000001860
Event: 3.901 Thread 0x000002018021b910 Uncommon trap: reason=unstable_if action=reinterpret pc=0x00000201eb0fad80 method=sun.java2d.pipe.Region.getIntersection(Lsun/java2d/pipe/Region;)Lsun/java2d/pipe/Region; @ 76 c2
Event: 3.901 Thread 0x000002018021b910 DEOPT PACKING pc=0x00000201eb0fad80 sp=0x00000014f8efdb50
Event: 3.901 Thread 0x000002018021b910 DEOPT UNPACKING pc=0x00000201e35ed72e sp=0x00000014f8efda78 mode 2

Classes unloaded (0 events):
No events

Classes redefined (0 events):
No events

Internal exceptions (14 events):
Event: 0.167 Thread 0x00000201e0018250 Exception <a 'java/lang/NoSuchMethodError'{0x0000000711d909b0}: 'void java.lang.invoke.DirectMethodHandle$Holder.invokeSpecial(java.lang.Object, java.lang.Object, java.lang.Object)'> (0x0000000711d909b0) 
thrown [t:\workspace\open\src\hotspot\share\interpreter\linkResolver.cpp, line 790]
Event: 0.199 Thread 0x00000201e0018250 Exception <a 'java/lang/ClassNotFoundException'{0x0000000711ddfd78}: sun/awt/resources/spi/awtProvider> (0x0000000711ddfd78) 
thrown [t:\workspace\open\src\hotspot\share\classfile\systemDictionary.cpp, line 256]
Event: 0.218 Thread 0x00000201e0018250 Exception <a 'java/io/FileNotFoundException'{0x0000000711a3b658}> (0x0000000711a3b658) 
thrown [t:\workspace\open\src\hotspot\share\prims\jni.cpp, line 579]
Event: 0.223 Thread 0x00000201e0018250 Exception <a 'java/io/FileNotFoundException'{0x0000000711a69fc0}> (0x0000000711a69fc0) 
thrown [t:\workspace\open\src\hotspot\share\prims\jni.cpp, line 579]
Event: 0.223 Thread 0x00000201e0018250 Exception <a 'java/lang/NoSuchMethodError'{0x0000000711a6b300}: 'java.lang.Object java.lang.invoke.DirectMethodHandle$Holder.invokeStatic(java.lang.Object)'> (0x0000000711a6b300) 
thrown [t:\workspace\open\src\hotspot\share\interpreter\linkResolver.cpp, line 790]
Event: 0.257 Thread 0x00000201e0018250 Exception <a 'java/lang/NoSuchMethodError'{0x0000000711ac7fb0}: 'java.lang.Object java.lang.invoke.DirectMethodHandle$Holder.invokeStaticInit(java.lang.Object)'> (0x0000000711ac7fb0) 
thrown [t:\workspace\open\src\hotspot\share\interpreter\linkResolver.cpp, line 790]
Event: 0.287 Thread 0x00000201e0018250 Exception <a 'java/lang/NoSuchMethodError'{0x0000000711ba9cf8}: 'java.lang.Object java.lang.invoke.DirectMethodHandle$Holder.newInvokeSpecial(java.lang.Object, java.lang.Object, java.lang.Object, java.lang.Object, java.lang.Object)'> (0x0000000711ba9cf8) 
thrown [t:\workspace\open\src\hotspot\share\interpreter\linkResolver.cpp, line 790]
Event: 0.288 Thread 0x00000201e0018250 Exception <a 'java/lang/NoSuchMethodError'{0x0000000711bb57e0}: 'java.lang.Object java.lang.invoke.DirectMethodHandle$Holder.invokeStatic(java.lang.Object, int, java.lang.Object, java.lang.Object, java.lang.Object, java.lang.Object)'> (0x0000000711bb57e0) 
thrown [t:\workspace\open\src\hotspot\share\interpreter\linkResolver.cpp, line 790]
Event: 0.291 Thread 0x00000201e0018250 Exception <a 'java/lang/NoSuchMethodError'{0x0000000711bdbb38}: 'java.lang.Object java.lang.invoke.DirectMethodHandle$Holder.invokeStatic(java.lang.Object, int, java.lang.Object)'> (0x0000000711bdbb38) 
thrown [t:\workspace\open\src\hotspot\share\interpreter\linkResolver.cpp, line 790]
Event: 0.305 Thread 0x00000201e0018250 Exception <a 'java/lang/ClassNotFoundException'{0x0000000711894348}: com/sun/swing/internal/plaf/metal/resources/spi/metalProvider> (0x0000000711894348) 
thrown [t:\workspace\open\src\hotspot\share\classfile\systemDictionary.cpp, line 256]
Event: 0.306 Thread 0x00000201e0018250 Exception <a 'java/lang/ClassNotFoundException'{0x00000007118987c0}: com/sun/swing/internal/plaf/basic/resources/spi/basicProvider> (0x00000007118987c0) 
thrown [t:\workspace\open\src\hotspot\share\classfile\systemDictionary.cpp, line 256]
Event: 0.316 Thread 0x0000020180190250 Exception <a 'java/lang/NoSuchMethodError'{0x00000007118edb08}: 'java.lang.Object java.lang.invoke.DirectMethodHandle$Holder.newInvokeSpecial(java.lang.Object, java.lang.Object, java.lang.Object, int, int, int, int, int)'> (0x00000007118edb08) 
thrown [t:\workspace\open\src\hotspot\share\interpreter\linkResolver.cpp, line 790]
Event: 0.382 Thread 0x0000020180105500 Exception <a 'java/lang/NoSuchMethodError'{0x0000000711af1d00}: 'void java.lang.invoke.DirectMethodHandle$Holder.invokeVirtual(java.lang.Object, java.lang.Object)'> (0x0000000711af1d00) 
thrown [t:\workspace\open\src\hotspot\share\interpreter\linkResolver.cpp, line 790]
Event: 0.393 Thread 0x00000201e0018250 Exception <a 'java/lang/NoSuchMethodError'{0x000000071154d110}: 'void java.lang.invoke.DirectMethodHandle$Holder.invokeStaticInit(java.lang.Object)'> (0x000000071154d110) 
thrown [t:\workspace\open\src\hotspot\share\interpreter\linkResolver.cpp, line 790]

Events (20 events):
Event: 3.073 loading class sun/font/SunFontManager$9 done
Event: 3.075 loading class sun/font/SunFontManager$10
Event: 3.076 loading class sun/font/SunFontManager$10 done
Event: 3.145 loading class jdk/internal/access/foreign/MemorySegmentProxy
Event: 3.145 loading class jdk/internal/access/foreign/MemorySegmentProxy done
Event: 3.152 loading class java/lang/CharacterData00
Event: 3.152 loading class java/lang/CharacterData00 done
Event: 3.184 Thread 0x00000201804b1e60 Thread added: 0x00000201804b1e60
Event: 3.303 Executing  VM operation: ICBufferFull
Event: 3.303 Executing  VM operation: ICBufferFull done
Event: 3.421 loading class java/awt/KeyboardFocusManager$4
Event: 3.421 loading class java/awt/KeyboardFocusManager$4 done
Event: 3.537 Executing  VM operation: ICBufferFull
Event: 3.537 Executing  VM operation: ICBufferFull done
Event: 3.902 Thread 0x00000201804b1e60 Thread exited: 0x00000201804b1e60
Event: 4.542 Executing  VM operation: Cleanup
Event: 4.543 Executing  VM operation: Cleanup done
Event: 5.555 Executing  VM operation: Cleanup
Event: 5.556 Executing  VM operation: Cleanup done
Event: 7.280 Thread 0x0000020180190250 Thread exited: 0x0000020180190250


Dynamic libraries:
0x00007ff698f30000 - 0x00007ff698f3e000 	C:\Users\Legion\.p2\pool\plugins\org.eclipse.justj.openjdk.hotspot.jre.full.win32.x86_64_16.0.2.v20210721-1149\jre\bin\javaw.exe
0x00007ffaad170000 - 0x00007ffaad365000 	C:\WINDOWS\SYSTEM32\ntdll.dll
0x00007ffaab3c0000 - 0x00007ffaab47d000 	C:\WINDOWS\System32\KERNEL32.DLL
0x00007ffaaa9a0000 - 0x00007ffaaac6d000 	C:\WINDOWS\System32\KERNELBASE.dll
0x00007ffaaadf0000 - 0x00007ffaaaef0000 	C:\WINDOWS\System32\ucrtbase.dll
0x00007ffa90740000 - 0x00007ffa90758000 	C:\Users\Legion\.p2\pool\plugins\org.eclipse.justj.openjdk.hotspot.jre.full.win32.x86_64_16.0.2.v20210721-1149\jre\bin\jli.dll
0x00007ffa8fe50000 - 0x00007ffa8fe69000 	C:\Users\Legion\.p2\pool\plugins\org.eclipse.justj.openjdk.hotspot.jre.full.win32.x86_64_16.0.2.v20210721-1149\jre\bin\VCRUNTIME140.dll
0x00007ffaac320000 - 0x00007ffaac4c0000 	C:\WINDOWS\System32\USER32.dll
0x00007ffa91c60000 - 0x00007ffa91efa000 	C:\WINDOWS\WinSxS\amd64_microsoft.windows.common-controls_6595b64144ccf1df_6.0.19041.1110_none_60b5254171f9507e\COMCTL32.dll
0x00007ffaab160000 - 0x00007ffaab182000 	C:\WINDOWS\System32\win32u.dll
0x00007ffaac280000 - 0x00007ffaac31e000 	C:\WINDOWS\System32\msvcrt.dll
0x00007ffaacea0000 - 0x00007ffaaceca000 	C:\WINDOWS\System32\GDI32.dll
0x00007ffaaaef0000 - 0x00007ffaaaffb000 	C:\WINDOWS\System32\gdi32full.dll
0x00007ffaaad50000 - 0x00007ffaaaded000 	C:\WINDOWS\System32\msvcp_win.dll
0x00007ffaabfc0000 - 0x00007ffaabff0000 	C:\WINDOWS\System32\IMM32.DLL
0x00007ffaa2a80000 - 0x00007ffaa2a8c000 	C:\Users\Legion\.p2\pool\plugins\org.eclipse.justj.openjdk.hotspot.jre.full.win32.x86_64_16.0.2.v20210721-1149\jre\bin\vcruntime140_1.dll
0x00007ffa80bf0000 - 0x00007ffa80c81000 	C:\Users\Legion\.p2\pool\plugins\org.eclipse.justj.openjdk.hotspot.jre.full.win32.x86_64_16.0.2.v20210721-1149\jre\bin\msvcp140.dll
0x00007ffa71d30000 - 0x00007ffa728db000 	C:\Users\Legion\.p2\pool\plugins\org.eclipse.justj.openjdk.hotspot.jre.full.win32.x86_64_16.0.2.v20210721-1149\jre\bin\server\jvm.dll
0x00007ffaac160000 - 0x00007ffaac20e000 	C:\WINDOWS\System32\ADVAPI32.dll
0x00007ffaac0c0000 - 0x00007ffaac15c000 	C:\WINDOWS\System32\sechost.dll
0x00007ffaabe70000 - 0x00007ffaabf95000 	C:\WINDOWS\System32\RPCRT4.dll
0x00007ffaacd30000 - 0x00007ffaacd38000 	C:\WINDOWS\System32\PSAPI.DLL
0x00007ffaa60f0000 - 0x00007ffaa60f9000 	C:\WINDOWS\SYSTEM32\WSOCK32.dll
0x00007ffa97270000 - 0x00007ffa97297000 	C:\WINDOWS\SYSTEM32\WINMM.dll
0x00007ffaa51f0000 - 0x00007ffaa51fa000 	C:\WINDOWS\SYSTEM32\VERSION.dll
0x00007ffaac210000 - 0x00007ffaac27b000 	C:\WINDOWS\System32\WS2_32.dll
0x00007ffaa9110000 - 0x00007ffaa9122000 	C:\WINDOWS\SYSTEM32\kernel.appcore.dll
0x00007ffaa4500000 - 0x00007ffaa450a000 	C:\Users\Legion\.p2\pool\plugins\org.eclipse.justj.openjdk.hotspot.jre.full.win32.x86_64_16.0.2.v20210721-1149\jre\bin\jimage.dll
0x00007ffaa8680000 - 0x00007ffaa8864000 	C:\WINDOWS\SYSTEM32\DBGHELP.DLL
0x00007ffaa3350000 - 0x00007ffaa337c000 	C:\WINDOWS\SYSTEM32\dbgcore.DLL
0x00007ffaaac70000 - 0x00007ffaaacf2000 	C:\WINDOWS\System32\bcryptPrimitives.dll
0x00007ffaa2fd0000 - 0x00007ffaa2ff5000 	C:\Users\Legion\.p2\pool\plugins\org.eclipse.justj.openjdk.hotspot.jre.full.win32.x86_64_16.0.2.v20210721-1149\jre\bin\java.dll
0x00007ffaa0bb0000 - 0x00007ffaa0bc8000 	C:\Users\Legion\.p2\pool\plugins\org.eclipse.justj.openjdk.hotspot.jre.full.win32.x86_64_16.0.2.v20210721-1149\jre\bin\zip.dll
0x00007ffaac5e0000 - 0x00007ffaacd24000 	C:\WINDOWS\System32\SHELL32.dll
0x00007ffaa8870000 - 0x00007ffaa9004000 	C:\WINDOWS\SYSTEM32\windows.storage.dll
0x00007ffaab550000 - 0x00007ffaab8a4000 	C:\WINDOWS\System32\combase.dll
0x00007ffaaa2e0000 - 0x00007ffaaa30c000 	C:\WINDOWS\SYSTEM32\Wldp.dll
0x00007ffaaced0000 - 0x00007ffaacf7d000 	C:\WINDOWS\System32\SHCORE.dll
0x00007ffaab490000 - 0x00007ffaab4e5000 	C:\WINDOWS\System32\shlwapi.dll
0x00007ffaaa7c0000 - 0x00007ffaaa7df000 	C:\WINDOWS\SYSTEM32\profapi.dll
0x00007ffa94eb0000 - 0x00007ffa94ec9000 	C:\Users\Legion\.p2\pool\plugins\org.eclipse.justj.openjdk.hotspot.jre.full.win32.x86_64_16.0.2.v20210721-1149\jre\bin\net.dll
0x00007ffaa4e60000 - 0x00007ffaa4f6a000 	C:\WINDOWS\SYSTEM32\WINHTTP.dll
0x00007ffaaa040000 - 0x00007ffaaa0aa000 	C:\WINDOWS\system32\mswsock.dll
0x00007ffa939b0000 - 0x00007ffa939c3000 	C:\Users\Legion\.p2\pool\plugins\org.eclipse.justj.openjdk.hotspot.jre.full.win32.x86_64_16.0.2.v20210721-1149\jre\bin\nio.dll
0x00007ffa71bb0000 - 0x00007ffa71d2f000 	C:\Users\Legion\.p2\pool\plugins\org.eclipse.justj.openjdk.hotspot.jre.full.win32.x86_64_16.0.2.v20210721-1149\jre\bin\awt.dll
0x00007ffaab2f0000 - 0x00007ffaab3bd000 	C:\WINDOWS\System32\OLEAUT32.dll
0x00007ffaa7c90000 - 0x00007ffaa7d20000 	C:\WINDOWS\SYSTEM32\apphelp.dll
0x00007ffaa80f0000 - 0x00007ffaa811f000 	C:\WINDOWS\system32\DWMAPI.DLL
0x00007ffaa7dd0000 - 0x00007ffaa7e6e000 	C:\WINDOWS\system32\uxtheme.dll
0x00007ffa90470000 - 0x00007ffa90596000 	C:\WINDOWS\system32\opengl32.dll
0x00007ffaa43c0000 - 0x00007ffaa43ec000 	C:\WINDOWS\SYSTEM32\GLU32.dll
0x00007ffaac4c0000 - 0x00007ffaac5d5000 	C:\WINDOWS\System32\MSCTF.dll
0x00007ffaab1c0000 - 0x00007ffaab2ea000 	C:\WINDOWS\System32\ole32.dll
0x00007ffa8ed10000 - 0x00007ffa8ed3d000 	C:\Users\Legion\.p2\pool\plugins\org.eclipse.justj.openjdk.hotspot.jre.full.win32.x86_64_16.0.2.v20210721-1149\jre\bin\javajpeg.dll
0x00007ffa7ae70000 - 0x00007ffa7aef9000 	C:\Users\Legion\.p2\pool\plugins\org.eclipse.justj.openjdk.hotspot.jre.full.win32.x86_64_16.0.2.v20210721-1149\jre\bin\freetype.dll
0x00007ffa7ac10000 - 0x00007ffa7ad06000 	C:\Users\Legion\.p2\pool\plugins\org.eclipse.justj.openjdk.hotspot.jre.full.win32.x86_64_16.0.2.v20210721-1149\jre\bin\harfbuzz.dll
0x00007ffa8f730000 - 0x00007ffa8f742000 	C:\Users\Legion\.p2\pool\plugins\org.eclipse.justj.openjdk.hotspot.jre.full.win32.x86_64_16.0.2.v20210721-1149\jre\bin\fontmanager.dll
0x00007ffaab940000 - 0x00007ffaab9e9000 	C:\WINDOWS\System32\clbcatq.dll
0x00007ffa9f1a0000 - 0x00007ffa9f354000 	C:\WINDOWS\SYSTEM32\WindowsCodecs.dll
0x00007ffaab190000 - 0x00007ffaab1b7000 	C:\WINDOWS\System32\bcrypt.dll
0x00007ffa8b5d0000 - 0x00007ffa8b60e000 	C:\WINDOWS\system32\dataexchange.dll
0x00007ffaa6500000 - 0x00007ffaa6764000 	C:\WINDOWS\system32\d3d11.dll
0x00007ffaa7190000 - 0x00007ffaa7375000 	C:\WINDOWS\system32\dcomp.dll
0x00007ffaa91c0000 - 0x00007ffaa92b3000 	C:\WINDOWS\system32\dxgi.dll
0x00007ffaa3830000 - 0x00007ffaa3a31000 	C:\WINDOWS\system32\twinapi.appcore.dll
0x00007ffa7a350000 - 0x00007ffa7a3ea000 	C:\WINDOWS\system32\RICHED20.DLL
0x00007ffaa41b0000 - 0x00007ffaa41c9000 	C:\WINDOWS\SYSTEM32\USP10.dll
0x00007ffa8be20000 - 0x00007ffa8be59000 	C:\WINDOWS\SYSTEM32\msls31.dll
0x00007ffa93580000 - 0x00007ffa93679000 	C:\WINDOWS\SYSTEM32\textinputframework.dll
0x00007ffaa7700000 - 0x00007ffaa7a5e000 	C:\WINDOWS\System32\CoreUIComponents.dll
0x00007ffaa7a60000 - 0x00007ffaa7b52000 	C:\WINDOWS\System32\CoreMessaging.dll
0x00007ffaa9580000 - 0x00007ffaa95b3000 	C:\WINDOWS\SYSTEM32\ntmarta.dll
0x00007ffaa63a0000 - 0x00007ffaa64f4000 	C:\WINDOWS\SYSTEM32\wintypes.dll

dbghelp: loaded successfully - version: 4.0.5 - missing functions: none
symbol engine: initialized successfully - sym options: 0x614 - pdb path: .;C:\Users\Legion\.p2\pool\plugins\org.eclipse.justj.openjdk.hotspot.jre.full.win32.x86_64_16.0.2.v20210721-1149\jre\bin;C:\WINDOWS\SYSTEM32;C:\WINDOWS\WinSxS\amd64_microsoft.windows.common-controls_6595b64144ccf1df_6.0.19041.1110_none_60b5254171f9507e;C:\Users\Legion\.p2\pool\plugins\org.eclipse.justj.openjdk.hotspot.jre.full.win32.x86_64_16.0.2.v20210721-1149\jre\bin\server

VM Arguments:
jvm_args: -Dfile.encoding=Cp1252 -XX:+ShowCodeDetailsInExceptionMessages 
java_command: controller.Control
java_class_path (initial): C:\Users\Legion\eclipse-workspace\Marvel-M1\bin;C:\Users\Legion\.p2\pool\plugins\org.junit_4.13.0.v20200204-1500.jar;C:\Users\Legion\.p2\pool\plugins\org.hamcrest.core_1.3.0.v20180420-1519.jar
Launcher Type: SUN_STANDARD

[Global flags]
     intx CICompilerCount                          = 4                                         {product} {ergonomic}
     uint ConcGCThreads                            = 3                                         {product} {ergonomic}
     uint G1ConcRefinementThreads                  = 10                                        {product} {ergonomic}
   size_t G1HeapRegionSize                         = 2097152                                   {product} {ergonomic}
    uintx GCDrainStackTargetSize                   = 64                                        {product} {ergonomic}
   size_t InitialHeapSize                          = 266338304                                 {product} {ergonomic}
   size_t MarkStackSize                            = 4194304                                   {product} {ergonomic}
   size_t MaxHeapSize                              = 4261412864                                {product} {ergonomic}
   size_t MaxNewSize                               = 2556428288                                {product} {ergonomic}
   size_t MinHeapDeltaBytes                        = 2097152                                   {product} {ergonomic}
   size_t MinHeapSize                              = 8388608                                   {product} {ergonomic}
    uintx NonNMethodCodeHeapSize                   = 5839372                                {pd product} {ergonomic}
    uintx NonProfiledCodeHeapSize                  = 122909434                              {pd product} {ergonomic}
    uintx ProfiledCodeHeapSize                     = 122909434                              {pd product} {ergonomic}
    uintx ReservedCodeCacheSize                    = 251658240                              {pd product} {ergonomic}
     bool SegmentedCodeCache                       = true                                      {product} {ergonomic}
     bool ShowCodeDetailsInExceptionMessages       = true                                   {manageable} {command line}
   size_t SoftMaxHeapSize                          = 4261412864                             {manageable} {ergonomic}
     bool UseCompressedClassPointers               = true                           {product lp64_product} {ergonomic}
     bool UseCompressedOops                        = true                           {product lp64_product} {ergonomic}
     bool UseG1GC                                  = true                                      {product} {ergonomic}
     bool UseLargePagesIndividualAllocation        = false                                  {pd product} {ergonomic}

Logging:
Log output configuration:
 #0: stdout all=warning uptime,level,tags
 #1: stderr all=off uptime,level,tags

Environment Variables:
PATH=C:/Users/Legion/.p2/pool/plugins/org.eclipse.justj.openjdk.hotspot.jre.full.win32.x86_64_16.0.2.v20210721-1149/jre/bin/server;C:/Users/Legion/.p2/pool/plugins/org.eclipse.justj.openjdk.hotspot.jre.full.win32.x86_64_16.0.2.v20210721-1149/jre/bin;C:\Program Files\Common Files\Oracle\Java\javapath;C:\Program Files (x86)\Common Files\Oracle\Java\javapath;C:\Windows\system32;C:\Windows;C:\Windows\System32\Wbem;C:\Windows\System32\WindowsPowerShell\v1.0\;C:\Windows\System32\OpenSSH\;C:\Program Files\NVIDIA Corporation\NVIDIA NvDLISR;C:\Program Files (x86)\NVIDIA Corporation\PhysX\Common;C:\WINDOWS\system32;C:\WINDOWS;C:\WINDOWS\System32\Wbem;C:\WINDOWS\System32\WindowsPowerShell\v1.0\;C:\WINDOWS\System32\OpenSSH\;C:\Program Files (x86)\Windows Kits\8.1\Windows Performance Toolkit\;C:\Users\Legion\Desktop\JCreatorV5LE_portable\jdk\jdk1.8.0_25\bin;C:\Users\Legion\AppData\Local\Microsoft\WindowsApps;;C:\Program Files\JetBrains\IntelliJ IDEA Community Edition 2021.2\bin;;C:\WINDOWS\System32;
USERNAME=Legion
OS=Windows_NT
PROCESSOR_IDENTIFIER=Intel64 Family 6 Model 165 Stepping 2, GenuineIntel



---------------  S Y S T E M  ---------------

OS:
 Windows 10 , 64 bit Build 19041 (10.0.19041.1706)
OS uptime: 10 days 17:46 hours

CPU: total 12 (initial active 12) (6 cores per cpu, 2 threads per core) family 6 model 165 stepping 2 microcode 0xec, cx8, cmov, fxsr, ht, mmx, 3dnowpref, sse, sse2, sse3, ssse3, sse4.1, sse4.2, popcnt, lzcnt, tsc, tscinvbit, avx, avx2, aes, erms, clmul, bmi1, bmi2, adx, fma, vzeroupper, clflush, clflushopt

Memory: 4k page, system-wide physical 16251M (1919M free)
TotalPageFile size 46598M (AvailPageFile size 0M)
current process WorkingSet (physical memory assigned to process): 202M, peak: 211M
current process commit charge ("private bytes"): 379M, peak: 388M

vm_info: OpenJDK 64-Bit Server VM (16.0.2+7-67) for windows-amd64 JRE (16.0.2+7-67), built on Jun  8 2021 23:21:43 by "mach5one" with MS VC++ 16.7 (VS2019)

END.
