  10 12 1 1 10 12 1 10 100 12 1 1 10 12 1 1 10 12 1 1 1 1 3 1 3 1 3 1 3 1 3 1 3 1 3 1 1 1 1 1 1 1 1 1 1 1 1 1 1 1 1 1 1 1 1 1 1 1 1 1 1 1 1 1 1 1 1 1 1 1 1 1 1 1 1 1 1 1 1 1 1 1 1 1 1 1 1 1 1 1 1 1 1 1 1 1 1 1 1 100 1 1
staticfield sun/invoke/util/VerifyAccess $assertionsDisabled Z 1
ciMethod java/lang/Object equals (Ljava/lang/Object;)Z 770 0 7250 0 -1
ciMethod java/lang/String equals (Ljava/lang/Object;)Z 584 0 5463 0 -1
ciMethod java/lang/Class isAssignableFrom (Ljava/lang/Class;)Z 512 0 256 0 -1
ciMethod java/lang/Class isInterface ()Z 512 0 256 0 -1
ciMethod java/lang/Class getClassLoader ()Ljava/lang/ClassLoader; 550 0 6184 0 -1
ciMethod java/lang/Class getClassLoader0 ()Ljava/lang/ClassLoader; 256 0 128 0 -1
ciMethod java/lang/Class getPackageName ()Ljava/lang/String; 520 0 1152 0 -1
ciMethod java/lang/ClassLoader checkClassLoaderPermission (Ljava/lang/ClassLoader;Ljava/lang/Class;)V 0 0 1 0 -1
ciMethod java/lang/System allowSecurityManager ()Z 714 0 8965 0 -1
ciMethod java/lang/System getSecurityManager ()Ljava/lang/SecurityManager; 714 0 8965 0 -1
ciMethod java/lang/AbstractStringBuilder <init> (I)V 278 0 1406 0 -1
ciMethod java/lang/AbstractStringBuilder append (Ljava/lang/String;)Ljava/lang/AbstractStringBuilder; 524 0 5943 0 -1
ciMethod java/lang/AbstractStringBuilder isLatin1 ()Z 898 0 8299 0 -1
ciMethod java/lang/StringBuilder <init> ()V 262 0 1384 0 -1
ciMethod java/lang/StringBuilder append (Ljava/lang/String;)Ljava/lang/StringBuilder; 524 0 9307 0 -1
ciMethod java/lang/StringBuilder toString ()Ljava/lang/String; 276 0 4389 0 -1
ciMethod java/util/Objects equals (Ljava/lang/Object;Ljava/lang/Object;)Z 514 0 5074 0 -1
ciMethod java/lang/StringLatin1 newString ([BII)Ljava/lang/String; 510 0 5376 0 -1
ciMethod jdk/internal/reflect/Reflection getCallerClass ()Ljava/lang/Class; 512 0 256 0 -1
ciMethod jdk/internal/reflect/Reflection areNestMates (Ljava/lang/Class;Ljava/lang/Class;)Z 62 0 31 0 -1
ciMethod java/lang/StringUTF16 newString ([BII)Ljava/lang/String; 0 0 10 0 -1
ciMethod java/lang/reflect/Modifier toString (I)Ljava/lang/String; 0 0 1 0 -1
ciMethod java/lang/IllegalArgumentException <init> (Ljava/lang/String;)V 0 0 1 0 -1
ciMethod sun/invoke/util/VerifyAccess isMemberAccessible (Ljava/lang/Class;Ljava/lang/Class;ILjava/lang/Class;Ljava/lang/Class;I)Z 404 0 330 0 -1
ciMethod sun/invoke/util/VerifyAccess isRelatedClass (Ljava/lang/Class;Ljava/lang/Class;)Z 0 0 1 0 -1
ciMethod sun/invoke/util/VerifyAccess isSubClass (Ljava/lang/Class;Ljava/lang/Class;)Z 0 0 1 0 -1
ciMethod sun/invoke/util/VerifyAccess isClassAccessible (Ljava/lang/Class;Ljava/lang/Class;Ljava/lang/Class;I)Z 518 0 568 0 -1
ciMethod sun/invoke/util/VerifyAccess isSamePackage (Ljava/lang/Class;Ljava/lang/Class;)Z 572 0 969 0 -1
ciMethodData java/lang/String equals (Ljava/lang/Object;)Z 2 5463 orig 80 0 0 0 0 0 0 0 0 0 0 0 0 0 0 0 0 0 0 0 0 0 0 0 0 0 0 0 0 0 0 0 0 0 0 0 0 0 0 0 0 0 0 0 0 0 0 0 0 0 0 0 0 0 0 0 0 0 0 0 0 0 0 0 0 0 0 0 0 0 0 0 0 0 0 0 0 0 0 0 0 data 42 0x20007 0x9ba 0x20 0xa79 0x80104 0x0 0x0 0x242c2494a90 0x9b4 0x0 0x0 0xb0007 0x6 0xa8 0x9b4 0xf0004 0x0 0x0 0x242c2494a90 0x9b4 0x0 0x0 0x160007 0x0 0x40 0x9b4 0x210007 0x0 0x30 0x9b4 0x2c0002 0x9b4 0x0 0x0 0x0 0x0 0x0 0x0 0x9 0x2 0x0 0x0 oops 2 7 java/lang/String 18 java/lang/String methods 0
ciMethodData java/util/Objects equals (Ljava/lang/Object;Ljava/lang/Object;)Z 2 5074 orig 80 0 0 0 0 0 0 0 0 0 0 0 0 0 0 0 0 0 0 0 0 0 0 0 0 0 0 0 0 0 0 0 0 0 0 0 0 0 0 0 0 0 0 0 0 0 0 0 0 0 0 0 0 0 0 0 0 0 0 0 0 0 0 0 0 0 0 0 0 0 0 0 0 0 0 0 0 0 0 0 0 data 32 0x20007 0xee8 0x98 0x3e9 0x60007 0x81 0x90 0x368 0xb0005 0x1e1 0x0 0x242c2494a90 0xd9 0x242c2628970 0xae 0xe0007 0x303 0x38 0x65 0x120003 0xf4d 0x18 0x0 0x0 0x0 0x0 0x0 0x0 0x9 0x2 0x0 0x0 oops 2 11 java/lang/String 13 java/lang/module/ModuleDescriptor methods 0
ciMethodData java/lang/StringBuilder <init> ()V 2 1384 orig 80 0 0 0 0 0 0 0 0 0 0 0 0 66 2 0 0 0 0 0 0 0 0 0 0 0 0 0 0 0 0 0 0 0 0 0 0 0 0 0 0 0 0 0 0 0 0 0 0 0 0 0 0 0 0 0 0 0 0 0 0 0 0 0 0 0 0 0 0 0 0 0 0 0 0 0 0 0 0 0 0 data 7 0x30002 0x4e5 0x0 0x0 0x9 0x1 0x0 oops 0 methods 0
ciMethodData java/lang/AbstractStringBuilder <init> (I)V 2 1406 orig 80 0 0 0 0 0 0 0 0 0 0 0 0 66 2 0 0 0 0 0 0 0 0 0 0 0 0 0 0 0 0 0 0 0 0 0 0 0 0 0 0 0 0 0 0 0 0 0 0 0 0 0 0 0 0 0 0 0 0 0 0 0 0 0 0 0 0 0 0 0 0 0 0 0 0 0 0 0 0 0 0 data 21 0x10002 0x4f3 0x70007 0x0 0x38 0x4f3 0x160003 0x4f3 0x28 0x1b0002 0x0 0x0 0x0 0x0 0x0 0x0 0x0 0x9 0x2 0x0 0x0 oops 0 methods 0
ciMethodData java/lang/StringBuilder toString ()Ljava/lang/String; 2 4389 orig 80 0 0 0 0 0 0 0 0 0 0 0 0 66 2 0 0 0 0 0 0 0 0 0 0 0 0 0 0 0 0 0 0 0 0 0 0 0 0 0 0 0 0 0 0 0 0 0 0 0 0 0 0 0 0 0 0 0 0 0 0 0 0 0 0 0 0 0 0 0 0 0 0 0 0 0 0 0 0 0 0 data 27 0x10005 0x109b 0x0 0x0 0x0 0x0 0x0 0x40007 0x0 0x48 0x109b 0x100002 0x109b 0x130003 0x109b 0x28 0x1f0002 0x0 0x0 0x0 0x0 0x0 0x0 0x0 0x9 0x1 0x0 oops 0 methods 0
ciMethodData java/lang/StringLatin1 newString ([BII)Ljava/lang/String; 2 5376 orig 80 0 0 0 0 0 0 0 0 0 0 0 0 66 2 0 0 0 0 0 0 0 0 0 0 0 0 0 0 0 0 0 0 0 0 0 0 0 0 0 0 0 0 0 0 0 0 0 0 0 0 0 0 0 0 0 0 0 0 0 0 0 0 0 0 0 0 0 0 0 0 0 0 0 0 0 0 0 0 0 0 data 19 0x10007 0x13e7 0x20 0x1a 0x100002 0x13e7 0x140002 0x13e7 0x0 0x0 0x0 0x0 0x0 0x0 0x9 0x3 0x0 0x0 0x0 oops 0 methods 0
ciMethodData java/lang/StringUTF16 newString ([BII)Ljava/lang/String; 1 10 orig 80 0 0 0 0 0 0 0 0 0 0 0 0 66 2 0 0 0 0 0 0 0 0 0 0 0 0 0 0 0 0 0 0 0 0 0 0 0 0 0 0 0 0 0 0 0 0 0 0 0 0 0 0 0 0 0 0 0 0 0 0 0 0 0 0 0 0 0 0 0 0 0 0 0 0 0 0 0 0 0 0 data 31 0x10007 0xa 0x20 0x0 0xb0007 0x0 0x60 0xa 0x110002 0xa 0x160007 0xa 0x30 0x0 0x1f0002 0x0 0x320002 0xa 0x360002 0xa 0x0 0x0 0x0 0x0 0x0 0x0 0x9 0x3 0x0 0x0 0x0 oops 0 methods 0
ciMethodData java/lang/IllegalArgumentException <init> (Ljava/lang/String;)V 1 0 orig 80 0 0 0 0 0 0 0 0 0 0 0 0 66 2 0 0 0 0 0 0 0 0 0 0 0 0 0 0 0 0 0 0 0 0 0 0 0 0 0 0 0 0 0 0 0 0 0 0 0 0 0 0 0 0 0 0 0 0 0 0 0 0 0 0 0 0 0 0 0 0 0 0 0 0 0 0 0 0 0 0 data 8 0x20002 0x0 0x0 0x0 0x9 0x2 0x0 0x0 oops 0 methods 0
ciMethodData java/lang/AbstractStringBuilder isLatin1 ()Z 2 8299 orig 80 0 0 0 0 0 0 0 0 0 0 0 0 0 0 0 0 0 0 0 0 0 0 0 0 0 0 0 0 0 0 0 0 0 0 0 0 0 0 0 0 0 0 0 0 0 0 0 0 0 0 0 0 0 0 0 0 0 0 0 0 0 0 0 0 0 0 0 0 0 0 0 0 0 0 0 0 0 0 0 0 data 18 0x30007 0x0 0x58 0x1eaa 0xa0007 0x0 0x38 0x1eaa 0xe0003 0x1eaa 0x18 0x0 0x0 0x0 0x0 0x9 0x1 0x0 oops 0 methods 0
ciMethodData java/lang/StringBuilder append (Ljava/lang/String;)Ljava/lang/StringBuilder; 2 9307 orig 80 0 0 0 0 0 0 0 0 0 0 0 0 0 0 0 0 0 0 0 0 0 0 0 0 0 0 0 0 0 0 0 0 0 0 0 0 0 0 0 0 0 0 0 0 0 0 0 0 0 0 0 0 0 0 0 0 0 0 0 0 0 0 0 0 0 0 0 0 0 0 0 0 0 0 0 0 0 0 0 0 data 9 0x20002 0x2355 0x0 0x0 0x0 0x9 0x2 0x0 0x0 oops 0 methods 0
ciMethodData java/lang/AbstractStringBuilder append (Ljava/lang/String;)Ljava/lang/AbstractStringBuilder; 2 5943 orig 80 0 0 0 0 0 0 0 0 0 0 0 0 66 2 0 0 0 0 0 0 0 0 0 0 0 0 0 0 0 0 0 0 0 0 0 0 0 0 0 0 0 0 0 0 0 0 0 0 0 0 0 0 0 0 0 0 0 0 0 0 0 0 0 0 0 0 0 0 0 0 0 0 0 0 0 0 0 0 0 0 data 42 0x10007 0x1631 0x58 0x0 0x50005 0x0 0x0 0x0 0x0 0x0 0x0 0xa0005 0x1631 0x0 0x0 0x0 0x0 0x0 0x150005 0x1631 0x0 0x0 0x0 0x0 0x0 0x1e0005 0x1631 0x0 0x0 0x0 0x0 0x0 0x0 0x0 0x0 0x0 0x0 0x0 0x9 0x2 0x0 0x0 oops 0 methods 0
ciMethodData java/lang/Class getClassLoader ()Ljava/lang/ClassLoader; 2 6184 orig 80 0 0 0 0 0 0 0 0 0 0 0 0 0 0 0 0 0 0 0 0 0 0 0 0 0 0 0 0 0 0 0 0 0 0 0 0 0 0 0 0 0 0 0 0 0 0 0 0 0 0 0 0 0 0 0 0 0 0 0 0 0 0 0 0 0 0 0 0 0 0 0 0 0 0 0 0 0 0 0 0 data 30 0x10005 0x1715 0x0 0x0 0x0 0x0 0x0 0x60007 0x3 0x20 0x1712 0xb0002 0x3 0x100007 0x3 0x40 0x0 0x140002 0x0 0x170002 0x0 0x0 0x0 0x0 0x0 0x0 0x0 0x9 0x1 0x0 oops 0 methods 0
ciMethodData java/lang/System getSecurityManager ()Ljava/lang/SecurityManager; 2 8965 orig 80 0 0 0 0 0 0 0 0 0 0 0 0 66 2 0 0 0 0 0 0 0 0 0 0 0 0 0 0 0 0 0 0 0 0 0 0 0 0 0 0 0 0 0 0 0 0 0 0 0 0 0 0 0 0 0 0 0 0 0 0 0 0 0 0 0 0 0 0 0 0 0 0 0 0 0 0 0 0 0 0 data 14 0x2 0x21a0 0x30007 0x0 0x20 0x21a0 0x0 0x0 0x0 0x0 0x0 0x0 0x9 0x0 oops 0 methods 0
ciMethodData java/lang/System allowSecurityManager ()Z 2 8965 orig 80 0 0 0 0 0 0 0 0 0 0 0 0 250 127 0 0 0 0 0 0 0 0 0 0 0 0 0 0 0 0 0 0 0 0 0 0 0 0 0 0 0 0 0 0 0 0 0 0 0 0 0 0 0 0 0 0 0 0 0 0 0 0 0 0 0 0 0 0 0 0 0 0 0 0 0 0 0 0 0 0 data 11 0x40007 0x0 0x38 0x21a0 0x80003 0x21a0 0x18 0x0 0x0 0x9 0x0 oops 0 methods 0
ciMethodData java/lang/ClassLoader checkClassLoaderPermission (Ljava/lang/ClassLoader;Ljava/lang/Class;)V 1 0 orig 80 0 0 0 0 0 0 0 0 0 0 0 0 66 2 0 0 0 0 0 0 0 0 0 0 0 0 0 0 0 0 0 0 0 0 0 0 0 0 0 0 0 0 0 0 0 0 0 0 0 0 0 0 0 0 0 0 0 0 0 0 0 0 0 0 0 0 0 0 0 0 0 0 0 0 0 0 0 0 0 0 data 31 0x2 0x0 0x50007 0x0 0x98 0x0 0x90002 0x0 0xf0002 0x0 0x120007 0x0 0x58 0x0 0x190005 0x0 0x0 0x0 0x0 0x0 0x0 0x0 0x0 0x0 0x0 0x0 0x0 0x9 0x2 0x0 0x0 oops 0 methods 0
ciMethodData java/lang/Class getPackageName ()Ljava/lang/String; 1 1152 orig 80 0 0 0 0 0 0 0 0 0 0 0 0 0 0 0 0 0 0 0 0 0 0 0 0 0 0 0 0 0 0 0 0 0 0 0 0 0 0 0 0 0 0 0 0 0 0 0 0 0 0 0 0 0 0 0 0 0 0 0 0 0 0 0 0 0 0 0 0 0 0 0 0 0 0 0 0 0 0 0 0 data 83 0x60007 0x31a 0x250 0x62 0xa0005 0x62 0x0 0x0 0x0 0x0 0x0 0xd0007 0x62 0x70 0x0 0x110005 0x0 0x0 0x0 0x0 0x0 0x0 0x140003 0x0 0x18 0x1a0005 0x62 0x0 0x0 0x0 0x0 0x0 0x1d0007 0x62 0x38 0x0 0x240003 0x0 0x130 0x280005 0x62 0x0 0x0 0x0 0x0 0x0 0x2f0005 0x62 0x0 0x0 0x0 0x0 0x0 0x370007 0x0 0xa8 0x62 0x3e0005 0x62 0x0 0x0 0x0 0x0 0x0 0x410005 0x62 0x0 0x0 0x0 0x0 0x0 0x440003 0x62 0x18 0x0 0x0 0x0 0x0 0x0 0x0 0x9 0x1 0x0 oops 0 methods 0
ciMethodData sun/invoke/util/VerifyAccess isSamePackage (Ljava/lang/Class;Ljava/lang/Class;)Z 1 969 orig 80 0 0 0 0 0 0 0 0 0 0 0 0 0 0 0 0 0 0 0 0 0 0 0 0 0 0 0 0 0 0 0 0 0 0 0 0 0 0 0 0 0 0 0 0 0 0 0 0 0 0 0 0 0 0 0 0 0 0 0 0 0 0 0 0 0 0 0 0 0 0 0 0 0 0 0 0 0 0 0 0 data 48 0x20007 0x120 0x20 0x18b 0x80005 0x120 0x0 0x0 0x0 0x0 0x0 0xc0005 0x120 0x0 0x0 0x0 0x0 0x0 0xf0007 0x120 0x20 0x0 0x150005 0x120 0x0 0x0 0x0 0x0 0x0 0x190005 0x120 0x0 0x0 0x0 0x0 0x0 0x1c0002 0x120 0x0 0x0 0x0 0x0 0x0 0x0 0x9 0x2 0x0 0x0 oops 0 methods 0
ciMethodData sun/invoke/util/VerifyAccess isClassAccessible (Ljava/lang/Class;Ljava/lang/Class;Ljava/lang/Class;I)Z 1 568 orig 80 0 0 0 0 0 0 0 0 0 0 0 0 0 0 0 0 0 0 0 0 0 0 0 0 0 0 0 0 0 0 0 0 0 0 0 0 0 0 0 0 0 0 0 0 0 0 0 0 0 0 0 0 0 0 0 0 0 0 0 0 0 0 0 0 0 0 0 0 0 0 0 0 0 0 0 0 0 0 0 0 data 168 0x10007 0x135 0x20 0x0 0x90007 0x135 0x50 0x0 0x100007 0x0 0x30 0x0 0x170002 0x0 0x1f0007 0x1 0x50 0x134 0x240002 0x134 0x270007 0x26 0x20 0x10e 0x2d0002 0x27 0x340002 0x27 0x370007 0x1 0x3f0 0x26 0x3b0005 0x26 0x0 0x0 0x0 0x0 0x0 0x410005 0x26 0x0 0x0 0x0 0x0 0x0 0x480007 0x26 0x70 0x0 0x4e0007 0x0 0x50 0x0 0x530007 0x0 0x30 0x0 0x5a0002 0x0 0x640007 0x25 0x90 0x1 0x6a0005 0x1 0x0 0x0 0x0 0x0 0x0 0x6d0005 0x1 0x0 0x0 0x0 0x0 0x0 0x750007 0x25 0x120 0x0 0x790007 0x0 0x100 0x0 0x800007 0x0 0x20 0x0 0x880007 0x0 0x50 0x0 0x8e0007 0x0 0x30 0x0 0x950002 0x0 0x9c0005 0x0 0x0 0x0 0x0 0x0 0x0 0x9f0005 0x0 0x0 0x0 0x0 0x0 0x0 0xa40007 0x25 0x70 0x0 0xa80005 0x0 0x0 0x0 0x0 0x0 0x0 0xab0003 0x0 0x18 0xb40007 0x25 0x70 0x0 0xbb0007 0x0 0x50 0x0 0xc20007 0x0 0x30 0x0 0xc90002 0x0 0xd20002 0x25 0xd50007 0x0 0x20 0x25 0xda0002 0x0 0xdd0007 0x0 0x20 0x0 0x0 0x0 0x0 0x0 0x0 0x0 0x0 0x0 0x9 0x4 0x0 0x0 0x0 0x0 oops 0 methods 0
ciMethodData sun/invoke/util/VerifyAccess isMemberAccessible (Ljava/lang/Class;Ljava/lang/Class;ILjava/lang/Class;Ljava/lang/Class;I)Z 1 330 orig 80 0 0 0 0 0 0 0 0 0 0 0 0 66 2 0 0 0 0 0 0 0 0 0 0 0 0 0 0 0 0 0 0 0 0 0 0 0 0 0 0 0 0 0 0 0 0 0 0 0 0 0 0 0 0 0 0 0 0 0 0 0 0 0 0 0 0 0 0 0 0 0 0 0 0 0 0 0 0 0 0 data 212 0x20007 0x80 0x20 0x0 0xa0007 0x80 0x50 0x0 0x120007 0x0 0x30 0x0 0x190002 0x0 0x230002 0x80 0x260007 0x80 0x20 0x0 0x2d0007 0x18 0x40 0x68 0x340007 0x0 0x20 0x68 0x3d0008 0xc 0x0 0x460 0x0 0x278 0xf 0x70 0x9 0x368 0x0 0x460 0x0 0xe0 0x630007 0xf 0x70 0x0 0x6a0007 0x0 0x50 0x0 0x720007 0x0 0x30 0x0 0x790002 0x0 0x820007 0x0 0x88 0x0 0x860005 0x0 0x0 0x0 0x0 0x0 0x0 0x890007 0x0 0x30 0x0 0x900002 0x0 0x990007 0x0 0x50 0x0 0x9e0002 0x0 0xa10007 0x0 0x20 0x0 0xaa0007 0x0 0x20 0x0 0xb30007 0x0 0x50 0x0 0xb80002 0x0 0xbb0007 0x0 0x20 0x0 0xc40007 0x0 0x50 0x0 0xc90002 0x0 0xcc0007 0x0 0x20 0x0 0xd60007 0x0 0x88 0x0 0xda0005 0x0 0x0 0x0 0x0 0x0 0x0 0xdd0007 0x0 0x30 0x0 0xe40002 0x0 0xed0007 0x0 0x68 0x0 0xf20002 0x0 0xf50007 0x0 0x38 0x0 0xf90003 0x0 0x18 0x1020007 0x0 0x68 0x9 0x1070002 0x9 0x10a0007 0x0 0x38 0x9 0x10e0003 0x9 0x18 0x1170007 0x9 0x90 0x0 0x11c0007 0x0 0x40 0x0 0x1210007 0x0 0x50 0x0 0x1260007 0x0 0x30 0x0 0x12d0002 0x0 0x13c0002 0x0 0x1410005 0x0 0x0 0x0 0x0 0x0 0x0 0x1450002 0x0 0x1480005 0x0 0x0 0x0 0x0 0x0 0x0 0x14b0005 0x0 0x0 0x0 0x0 0x0 0x0 0x14e0002 0x0 0x0 0x0 0x0 0x0 0x0 0x0 0x0 0x0 0x0 0x9 0x6 0x0 0x0 0x0 0x0 0x0 0x0 oops 0 methods 0
ciMethodData sun/invoke/util/VerifyAccess isRelatedClass (Ljava/lang/Class;Ljava/lang/Class;)Z 1 0 orig 80 0 0 0 0 0 0 0 0 0 0 0 0 66 2 0 0 0 0 0 0 0 0 0 0 0 0 0 0 0 0 0 0 0 0 0 0 0 0 0 0 0 0 0 0 0 0 0 0 0 0 0 0 0 0 0 0 0 0 0 0 0 0 0 0 0 0 0 0 0 0 0 0 0 0 0 0 0 0 0 0 data 29 0x20007 0x0 0x80 0x0 0x70002 0x0 0xa0007 0x0 0x50 0x0 0xf0002 0x0 0x120007 0x0 0x38 0x0 0x160003 0x0 0x18 0x0 0x0 0x0 0x0 0x0 0x0 0x9 0x2 0x0 0x0 oops 0 methods 0
ciMethodData sun/invoke/util/VerifyAccess isSubClass (Ljava/lang/Class;Ljava/lang/Class;)Z 1 0 orig 80 0 0 0 0 0 0 0 0 0 0 0 0 66 2 0 0 0 0 0 0 0 0 0 0 0 0 0 0 0 0 0 0 0 0 0 0 0 0 0 0 0 0 0 0 0 0 0 0 0 0 0 0 0 0 0 0 0 0 0 0 0 0 0 0 0 0 0 0 0 0 0 0 0 0 0 0 0 0 0 0 data 35 0x20005 0x0 0x0 0x0 0x0 0x0 0x0 0x50007 0x0 0x90 0x0 0x90005 0x0 0x0 0x0 0x0 0x0 0x0 0xc0007 0x0 0x38 0x0 0x100003 0x0 0x18 0x0 0x0 0x0 0x0 0x0 0x0 0x9 0x2 0x0 0x0 oops 0 methods 0
ciMethodData java/lang/reflect/Modifier toString (I)Ljava/lang/String; 1 0 orig 80 0 0 0 0 0 0 0 0 0 0 0 0 66 2 0 0 0 0 0 0 0 0 0 0 0 0 0 0 0 0 0 0 0 0 0 0 0 0 0 0 0 0 0 0 0 0 0 0 0 0 0 0 0 0 0 0 0 0 0 0 0 0 0 0 0 0 0 0 0 0 0 0 0 0 0 0 0 0 0 0 data 150 0x60002 0x0 0xd0007 0x0 0x58 0x0 0x130005 0x0 0x0 0x0 0x0 0x0 0x0 0x1a0007 0x0 0x58 0x0 0x200005 0x0 0x0 0x0 0x0 0x0 0x0 0x270007 0x0 0x58 0x0 0x2d0005 0x0 0x0 0x0 0x0 0x0 0x0 0x360007 0x0 0x58 0x0 0x3c0005 0x0 0x0 0x0 0x0 0x0 0x0 0x440007 0x0 0x58 0x0 0x4a0005 0x0 0x0 0x0 0x0 0x0 0x0 0x520007 0x0 0x58 0x0 0x580005 0x0 0x0 0x0 0x0 0x0 0x0 0x610007 0x0 0x58 0x0 0x670005 0x0 0x0 0x0 0x0 0x0 0x0 0x6f0007 0x0 0x58 0x0 0x750005 0x0 0x0 0x0 0x0 0x0 0x0 0x7d0007 0x0 0x58 0x0 0x830005 0x0 0x0 0x0 0x0 0x0 0x0 0x8c0007 0x0 0x58 0x0 0x920005 0x0 0x0 0x0 0x0 0x0 0x0 0x9b0007 0x0 0x58 0x0 0xa10005 0x0 0x0 0x0 0x0 0x0 0x0 0xaa0007 0x0 0x58 0x0 0xb00005 0x0 0x0 0x0 0x0 0x0 0x0 0xb50005 0x0 0x0 0x0 0x0 0x0 0x0 0x0 0x0 0x0 0x0 0x0 0x0 0x9 0x1 0x0 oops 0 methods 0
compile sun/invoke/util/VerifyAccess isMemberAccessible (Ljava/lang/Class;Ljava/lang/Class;ILjava/lang/Class;Ljava/lang/Class;I)Z -1 3
